<?xml version="1.0" encoding="UTF-8"?>
<!-- Generated by org.testng.reporters.JUnitReportReporter -->
<testsuite hostname="YV-Jerry" failures="0" tests="14" name="admin.PrintLicenseIdTest" time="278.473" errors="0" timestamp="2022-03-09T19:38:06 WAT" skipped="0">
  <testcase classname="admin.PrintLicenseIdTest" name="ValidateAuditLoginPage" time="6.032"/>
  <system-out/>
  <testcase classname="admin.PrintLicenseIdTest" name="ValidatePageTabs" time="0.208"/>
  <system-out/>
  <testcase classname="admin.PrintLicenseIdTest" name="ValidatePendingIdListHeader" time="30.126"/>
  <system-out/>
  <testcase classname="admin.PrintLicenseIdTest" name="ValidatePreviouslyPrintedIdListHeader" time="2.378"/>
  <system-out/>
  <testcase classname="admin.PrintLicenseIdTest" name="ValidatePendingAgentStatus" time="31.475"/>
  <system-out/>
  <testcase classname="admin.PrintLicenseIdTest" name="ValidatePrintedAgentStatus" time="2.258"/>
  <system-out/>
  <testcase classname="admin.PrintLicenseIdTest" name="ValidatePrintIdButtonPending" time="31.269"/>
  <system-out/>
  <testcase classname="admin.PrintLicenseIdTest" name="ValidatePrintIdButtonPrinted" time="1.926"/>
  <system-out/>
  <testcase classname="admin.PrintLicenseIdTest" name="ValidatePrintIdButtonResponsePending" time="31.255"/>
  <system-out/>
  <testcase classname="admin.PrintLicenseIdTest" name="ValidateBulkPrintButtonPending" time="45.274"/>
  <system-out/>
  <testcase classname="admin.PrintLicenseIdTest" name="ValidateBulkPrintButtonPrinted" time="2.053"/>
  <system-out/>
  <testcase classname="admin.PrintLicenseIdTest" name="ValidateSelectAllCheckboxPending" time="46.240"/>
  <system-out/>
  <testcase classname="admin.PrintLicenseIdTest" name="ValidateSelectAllCheckboxPrinted" time="1.502"/>
  <system-out/>
  <testcase classname="admin.PrintLicenseIdTest" name="ValidateAllPendingIdPrint" time="46.477"/>
  <system-out/>
</testsuite> <!-- admin.PrintLicenseIdTest -->
