<?xml version="1.0" encoding="UTF-8"?>
<!-- Generated by org.testng.reporters.JUnitReportReporter -->
<testsuite hostname="YV-Jerry" failures="0" tests="18" name="admin.SettingsTest" time="51.129" errors="0" timestamp="2022-03-15T13:40:54 WAT" skipped="0">
  <testcase classname="admin.SettingsTest" name="ValidateReportPage" time="5.497"/>
  <system-out/>
  <testcase classname="admin.SettingsTest" name="ValidateField" time="0.838"/>
  <system-out/>
  <testcase classname="admin.SettingsTest" name="ValidateBusinessNameEdit" time="0.079"/>
  <system-out/>
  <testcase classname="admin.SettingsTest" name="ValidateBusinessAddressEdit" time="4.665"/>
  <system-out/>
  <testcase classname="admin.SettingsTest" name="InvalidSupportPhoneNumberFormat" time="0.383"/>
  <system-out/>
  <testcase classname="admin.SettingsTest" name="InvalidSupportPhoneNumberFormat" time="0.286"/>
  <system-out/>
  <testcase classname="admin.SettingsTest" name="ValidateSupportPhoneNumberEdit" time="6.635"/>
  <system-out/>
  <testcase classname="admin.SettingsTest" name="InvalidSupportEmailFormat" time="0.130"/>
  <system-out/>
  <testcase classname="admin.SettingsTest" name="InvalidSupportEmailFormat" time="0.152"/>
  <system-out/>
  <testcase classname="admin.SettingsTest" name="ValidateSupportEmailEdit" time="6.460"/>
  <system-out/>
  <testcase classname="admin.SettingsTest" name="ValidatePrimaryContactNameEdit" time="6.381"/>
  <system-out/>
  <testcase classname="admin.SettingsTest" name="InvalidPrimaryContactPhoneNumberFormat" time="0.108"/>
  <system-out/>
  <testcase classname="admin.SettingsTest" name="InvalidPrimaryContactPhoneNumberFormat" time="0.073"/>
  <system-out/>
  <testcase classname="admin.SettingsTest" name="ValidatePrimaryContactPhoneNumberEdit" time="6.369"/>
  <system-out/>
  <testcase classname="admin.SettingsTest" name="ValidateBusinessWebsiteEdit" time="6.492"/>
  <system-out/>
  <testcase classname="admin.SettingsTest" name="InvalidPrimaryContactEmailFormat" time="0.089"/>
  <system-out/>
  <testcase classname="admin.SettingsTest" name="InvalidPrimaryContactEmailFormat" time="0.103"/>
  <system-out/>
  <testcase classname="admin.SettingsTest" name="ValidatePrimaryContactEmailEdit" time="6.389"/>
  <system-out/>
</testsuite> <!-- admin.SettingsTest -->
