<?xml version="1.0" encoding="UTF-8"?>
<!-- Generated by org.testng.reporters.JUnitReportReporter -->
<testsuite hostname="YV-Jerry.local" failures="0" tests="19" name="admin.ReportTest" time="38.154" errors="0" timestamp="2022-09-10T23:24:25 WAT" skipped="0">
  <testcase classname="admin.ReportTest" name="ValidateAgentDetailsBackButton" time="0.418"/>
  <system-out/>
  <testcase classname="admin.ReportTest" name="ValidateEnforcerReportBackButton" time="0.075"/>
  <system-out/>
  <testcase classname="admin.ReportTest" name="ValidateTransactionReportBackButton" time="0.053"/>
  <system-out/>
  <testcase classname="admin.ReportTest" name="ValidateGuarantorOutstandingBackButton" time="0.104"/>
  <system-out/>
  <testcase classname="admin.ReportTest" name="ValidateInfractionReportBackButton" time="0.062"/>
  <system-out/>
  <testcase classname="admin.ReportTest" name="ValidateVerificationFailedBackButton" time="0.149"/>
  <system-out/>
  <testcase classname="admin.ReportTest" name="ValidateReportPage" time="15.061"/>
  <system-out/>
  <testcase classname="admin.ReportTest" name="ValidatePageTabs" time="0.117"/>
  <system-out/>
  <testcase classname="admin.ReportTest" name="ValidateCategoryDropdownList" time="0.172"/>
  <system-out/>
  <testcase classname="admin.ReportTest" name="ValidateEmptyReportRequest" time="2.218"/>
  <system-out/>
  <testcase classname="admin.ReportTest" name="ValidateAgentDetailsReport" time="3.507"/>
  <system-out/>
  <testcase classname="admin.ReportTest" name="ValidateVerificationFailedReport" time="0.802"/>
  <system-out/>
  <testcase classname="admin.ReportTest" name="ValidateGuarantorOutstandingReport" time="0.799"/>
  <system-out/>
  <testcase classname="admin.ReportTest" name="ValidateTransactionReport" time="1.612"/>
  <system-out/>
  <testcase classname="admin.ReportTest" name="ValidateInfractionReport" time="1.062"/>
  <system-out/>
  <testcase classname="admin.ReportTest" name="ValidateInfractionReportViewPhotos" time="2.870"/>
  <system-out/>
  <testcase classname="admin.ReportTest" name="ValidateEnforcerReport" time="0.668"/>
  <system-out/>
  <testcase classname="admin.ReportTest" name="ValidateInspectionPage" time="0.227"/>
  <system-out/>
  <testcase classname="admin.ReportTest" name="ValidateInspectionReportPage" time="8.178"/>
  <system-out/>
</testsuite> <!-- admin.ReportTest -->
