<?xml version="1.0" encoding="UTF-8"?>
<!-- Generated by org.testng.reporters.JUnitReportReporter -->
<testsuite hostname="YV-Jerry.local" failures="0" tests="28" name="admin.TransactionsTest" time="533.012" errors="0" timestamp="2022-09-10T23:24:25 WAT" skipped="0">
  <testcase classname="admin.TransactionsTest" name="ValidateTransactionsPage" time="16.056"/>
  <system-out/>
  <testcase classname="admin.TransactionsTest" name="ValidateSingleCouponRequestReconcilationAdmin" time="18.313"/>
  <system-out/>
  <testcase classname="admin.TransactionsTest" name="ValidateMultipleCouponRequestReconcilationAdmin" time="11.100"/>
  <system-out/>
  <testcase classname="admin.TransactionsTest" name="ValidateTransactionsListHeader" time="0.243"/>
  <system-out/>
  <testcase classname="admin.TransactionsTest" name="ValidateSearchBar" time="11.830"/>
  <system-out/>
  <testcase classname="admin.TransactionsTest" name="ValidateSearchBar" time="9.564"/>
  <system-out/>
  <testcase classname="admin.TransactionsTest" name="ValidateStatusDropdownList" time="0.161"/>
  <system-out/>
  <testcase classname="admin.TransactionsTest" name="ValidateAllStatusField" time="128.530"/>
  <system-out/>
  <testcase classname="admin.TransactionsTest" name="ValidateInitiatedStatusField" time="33.331"/>
  <system-out/>
  <testcase classname="admin.TransactionsTest" name="ValidateAbandonedStatusField" time="23.621"/>
  <system-out/>
  <testcase classname="admin.TransactionsTest" name="ValidateSuccessStatusField" time="85.607"/>
  <system-out/>
  <testcase classname="admin.TransactionsTest" name="ValidateFailedStatusField" time="18.478"/>
  <system-out/>
  <testcase classname="admin.TransactionsTest" name="ValidateReversedStatusField" time="18.491"/>
  <system-out/>
  <testcase classname="admin.TransactionsTest" name="ValidateDeclinedStatusField" time="18.178"/>
  <system-out/>
  <testcase classname="admin.TransactionsTest" name="ValidateFraudStatusField" time="18.565"/>
  <system-out/>
  <testcase classname="admin.TransactionsTest" name="ValidateInitiatedStatusTransactions" time="24.635"/>
  <system-out/>
  <testcase classname="admin.TransactionsTest" name="ValidateSuccessTransactionPaymentStatus" time="3.978"/>
  <system-out/>
  <testcase classname="admin.TransactionsTest" name="ValidateInitiatedTransactionPaymentStatus" time="3.812"/>
  <system-out/>
  <testcase classname="admin.TransactionsTest" name="ValidateAbandonedTransactionPaymentStatus" time="3.855"/>
  <system-out/>
  <testcase classname="admin.TransactionsTest" name="ValidateCsvExport" time="6.157"/>
  <system-out/>
  <testcase classname="admin.TransactionsTest" name="ValidateCsvExport" time="6.211"/>
  <system-out/>
  <testcase classname="admin.TransactionsTest" name="ValidateCsvExport" time="6.143"/>
  <system-out/>
  <testcase classname="admin.TransactionsTest" name="ValidateCsvExport" time="6.191"/>
  <system-out/>
  <testcase classname="admin.TransactionsTest" name="ValidateCsvExport" time="6.133"/>
  <system-out/>
  <testcase classname="admin.TransactionsTest" name="ValidateCsvExport" time="6.192"/>
  <system-out/>
  <testcase classname="admin.TransactionsTest" name="ValidateCsvExport" time="6.185"/>
  <system-out/>
  <testcase classname="admin.TransactionsTest" name="ValidateCsvExport" time="6.472"/>
  <system-out/>
  <testcase classname="admin.TransactionsTest" name="ValidateTransactionCardResponse" time="34.980"/>
  <system-out/>
</testsuite> <!-- admin.TransactionsTest -->
