<?xml version="1.0" encoding="UTF-8"?>
<!-- Generated by org.testng.reporters.JUnitReportReporter -->
<testsuite hostname="YV-Jerry" failures="0" tests="26" name="admin.CouponTest" time="329.975" errors="0" timestamp="2022-02-16T10:18:58 WAT" skipped="0">
  <testcase classname="admin.CouponTest" name="ValidateClearMultipleList" time="30.303"/>
  <system-out/>
  <testcase classname="admin.CouponTest" name="ValidateClearSingleList" time="30.281"/>
  <system-out/>
  <testcase classname="admin.CouponTest" name="ValidateCouponPage" time="7.506"/>
  <system-out/>
  <testcase classname="admin.CouponTest" name="ValidateAutosuggestiveSearchBar" time="0.244"/>
  <system-out/>
  <testcase classname="admin.CouponTest" name="ValidateCategoryDropdownList" time="0.300"/>
  <system-out/>
  <testcase classname="admin.CouponTest" name="ValidateSingleCategoryQuantityField" time="0.284"/>
  <system-out/>
  <testcase classname="admin.CouponTest" name="ValidateSingleAgentField" time="0.106"/>
  <system-out/>
  <testcase classname="admin.CouponTest" name="ValidateMultipleCategoryQuanityField" time="0.096"/>
  <system-out/>
  <testcase classname="admin.CouponTest" name="EmptyDateField" time="0.556"/>
  <system-out/>
  <testcase classname="admin.CouponTest" name="ValidateEndDateCheck" time="0.962"/>
  <system-out/>
  <testcase classname="admin.CouponTest" name="ValidateMultipleCategoryQuanityFieldFormat" time="2.642"/>
  <system-out/>
  <testcase classname="admin.CouponTest" name="ValidateMultipleCategoryQuanityFieldFormat" time="2.732"/>
  <system-out/>
  <testcase classname="admin.CouponTest" name="ValidateDiscountTypeDropdownList" time="0.072"/>
  <system-out/>
  <testcase classname="admin.CouponTest" name="EmptyCouponCodeField" time="2.560"/>
  <system-out/>
  <testcase classname="admin.CouponTest" name="EmptyDiscountValueField" time="2.508"/>
  <system-out/>
  <testcase classname="admin.CouponTest" name="ValidateDiscountPercentageValueFormat" time="2.605"/>
  <system-out/>
  <testcase classname="admin.CouponTest" name="ValidateDiscountAmountValueFormat" time="2.112"/>
  <system-out/>
  <testcase classname="admin.CouponTest" name="SuccessfulSingleCouponRequest" time="17.568"/>
  <system-out/>
  <testcase classname="admin.CouponTest" name="SuccessfulMultipleCouponRequest" time="9.811"/>
  <system-out/>
  <testcase classname="admin.CouponTest" name="ValidateGeneratedCouponList" time="54.576"/>
  <system-out/>
  <testcase classname="admin.CouponTest" name="ValidateGenerateCouponCategoryDropdownList" time="0.154"/>
  <system-out/>
  <testcase classname="admin.CouponTest" name="ValidateSingleCouponFilter" time="72.330"/>
  <system-out/>
  <testcase classname="admin.CouponTest" name="ValidateMultipleCouponFilter" time="79.414"/>
  <system-out/>
  <testcase classname="admin.CouponTest" name="ValidateGeneratedListHeader" time="0.080"/>
  <system-out/>
  <testcase classname="admin.CouponTest" name="ValidateGeneratedCouponCardResponse" time="3.715"/>
  <system-out/>
  <testcase classname="admin.CouponTest" name="ValidateDownloadCSVButton" time="6.458"/>
  <system-out/>
</testsuite> <!-- admin.CouponTest -->
