<?xml version="1.0" encoding="UTF-8"?>
<!-- Generated by org.testng.reporters.JUnitReportReporter -->
<testsuite hostname="YV-Jerry.local" failures="0" tests="8" name="admin.ForgotPasswordTest" time="15.287" errors="0" timestamp="2022-09-10T23:24:25 WAT" skipped="0">
  <testcase classname="admin.ForgotPasswordTest" name="ValidateForgotPasswordLink" time="7.102"/>
  <system-out/>
  <testcase classname="admin.ForgotPasswordTest" name="InvalidEmailAddressFormat" time="0.410"/>
  <system-out/>
  <testcase classname="admin.ForgotPasswordTest" name="InvalidEmailAddressFormat" time="0.531"/>
  <system-out/>
  <testcase classname="admin.ForgotPasswordTest" name="InvalidEmailAddressNotFound" time="1.388"/>
  <system-out/>
  <testcase classname="admin.ForgotPasswordTest" name="InvalidEmailAddressNotFound" time="3.296"/>
  <system-out/>
  <testcase classname="admin.ForgotPasswordTest" name="ValidateSuccessfulResetPassword" time="1.976"/>
  <system-out/>
  <testcase classname="admin.ForgotPasswordTest" name="ValidateSuccessfulResetPassword" time="0.464"/>
  <system-out/>
  <testcase classname="admin.ForgotPasswordTest" name="ValidateBackToLoginLink" time="0.120"/>
  <system-out/>
</testsuite> <!-- admin.ForgotPasswordTest -->
