<?xml version="1.0" encoding="UTF-8"?>
<!-- Generated by org.testng.reporters.JUnitReportReporter -->
<testsuite hostname="YV-Jerry.local" failures="0" tests="18" name="admin.SettingsTest" time="62.421" errors="0" timestamp="2022-09-11T21:58:55 WAT" skipped="0">
  <testcase classname="admin.SettingsTest" name="ValidateReportPage" time="13.009"/>
  <system-out/>
  <testcase classname="admin.SettingsTest" name="ValidateField" time="0.155"/>
  <system-out/>
  <testcase classname="admin.SettingsTest" name="ValidateBusinessNameEdit" time="0.089"/>
  <system-out/>
  <testcase classname="admin.SettingsTest" name="ValidateBusinessAddressEdit" time="6.264"/>
  <system-out/>
  <testcase classname="admin.SettingsTest" name="InvalidSupportPhoneNumberFormat" time="0.148"/>
  <system-out/>
  <testcase classname="admin.SettingsTest" name="InvalidSupportPhoneNumberFormat" time="1.268"/>
  <system-out/>
  <testcase classname="admin.SettingsTest" name="ValidateSupportPhoneNumberEdit" time="6.988"/>
  <system-out/>
  <testcase classname="admin.SettingsTest" name="InvalidSupportEmailFormat" time="0.348"/>
  <system-out/>
  <testcase classname="admin.SettingsTest" name="InvalidSupportEmailFormat" time="0.388"/>
  <system-out/>
  <testcase classname="admin.SettingsTest" name="ValidateSupportEmailEdit" time="7.385"/>
  <system-out/>
  <testcase classname="admin.SettingsTest" name="ValidatePrimaryContactNameEdit" time="6.542"/>
  <system-out/>
  <testcase classname="admin.SettingsTest" name="InvalidPrimaryContactPhoneNumberFormat" time="0.142"/>
  <system-out/>
  <testcase classname="admin.SettingsTest" name="InvalidPrimaryContactPhoneNumberFormat" time="0.106"/>
  <system-out/>
  <testcase classname="admin.SettingsTest" name="ValidatePrimaryContactPhoneNumberEdit" time="6.325"/>
  <system-out/>
  <testcase classname="admin.SettingsTest" name="ValidateBusinessWebsiteEdit" time="6.736"/>
  <system-out/>
  <testcase classname="admin.SettingsTest" name="InvalidPrimaryContactEmailFormat" time="0.124"/>
  <system-out/>
  <testcase classname="admin.SettingsTest" name="InvalidPrimaryContactEmailFormat" time="0.112"/>
  <system-out/>
  <testcase classname="admin.SettingsTest" name="ValidatePrimaryContactEmailEdit" time="6.292"/>
  <system-out/>
</testsuite> <!-- admin.SettingsTest -->
