<?xml version="1.0" encoding="UTF-8"?>
<!-- Generated by org.testng.reporters.JUnitReportReporter -->
<testsuite hostname="YV-Jerry" failures="0" tests="9" name="admin.AdminLoginTest" time="18.976" errors="0" timestamp="2022-02-16T10:18:58 WAT" skipped="0">
  <testcase classname="admin.AdminLoginTest" name="EmptyEmailAddressField" time="0.098"/>
  <system-out/>
  <testcase classname="admin.AdminLoginTest" name="InvalidEmailAddressNotFound" time="3.579"/>
  <system-out/>
  <testcase classname="admin.AdminLoginTest" name="InvalidEmailAddressNotFound" time="7.496"/>
  <system-out/>
  <testcase classname="admin.AdminLoginTest" name="InvalidEmailAddressFormat" time="0.056"/>
  <system-out/>
  <testcase classname="admin.AdminLoginTest" name="InvalidEmailAddressFormat" time="0.094"/>
  <system-out/>
  <testcase classname="admin.AdminLoginTest" name="ValidEmailAddress" time="1.876"/>
  <system-out/>
  <testcase classname="admin.AdminLoginTest" name="ValidateBackButton" time="0.387"/>
  <system-out/>
  <testcase classname="admin.AdminLoginTest" name="ValidateSuccessfulAdminLogin" time="4.347"/>
  <system-out/>
  <testcase classname="admin.AdminLoginTest" name="ValidateLogout" time="1.043"/>
  <system-out/>
</testsuite> <!-- admin.AdminLoginTest -->
