<?xml version="1.0" encoding="UTF-8"?>
<!-- Generated by org.testng.reporters.JUnitReportReporter -->
<testsuite hostname="YV-Jerry.local" failures="0" tests="9" name="agent.RegisterAsAnAgentTest" time="27.121" errors="0" timestamp="2022-05-13T11:25:34 WAT" skipped="0">
  <testcase classname="agent.RegisterAsAnAgentTest" name="ValidateRegistrationForm" time="5.931"/>
  <system-out/>
  <testcase classname="agent.RegisterAsAnAgentTest" name="EmptyEmailField" time="4.018"/>
  <system-out/>
  <testcase classname="agent.RegisterAsAnAgentTest" name="InvalidEmailAddress" time="1.950"/>
  <system-out/>
  <testcase classname="agent.RegisterAsAnAgentTest" name="EmptyPhoneNumberField" time="2.257"/>
  <system-out/>
  <testcase classname="agent.RegisterAsAnAgentTest" name="InvalidPhoneNumber" time="2.179"/>
  <system-out/>
  <testcase classname="agent.RegisterAsAnAgentTest" name="EmptyPermitCategory" time="1.075"/>
  <system-out/>
  <testcase classname="agent.RegisterAsAnAgentTest" name="EmptyCompany" time="1.459"/>
  <system-out/>
  <testcase classname="agent.RegisterAsAnAgentTest" name="ValidateConsentForm" time="3.789"/>
  <system-out/>
  <testcase classname="agent.RegisterAsAnAgentTest" name="ValidateAcceptConsentForm" time="4.463"/>
  <system-out/>
</testsuite> <!-- agent.RegisterAsAnAgentTest -->
