<?xml version="1.0" encoding="UTF-8"?>
<!-- Generated by org.testng.reporters.JUnitReportReporter -->
<testsuite hostname="YV-Jerry" failures="0" tests="16" name="admin.ProfileTest" time="34.314" errors="0" timestamp="2022-02-28T14:48:47 WAT" skipped="0">
  <testcase classname="admin.ProfileTest" name="ValidateProfilePage" time="6.175"/>
  <system-out/>
  <testcase classname="admin.ProfileTest" name="ValidateProfileInformation" time="0.375"/>
  <system-out/>
  <testcase classname="admin.ProfileTest" name="ValidateProfileImageUpload" time="4.161"/>
  <system-out/>
  <testcase classname="admin.ProfileTest" name="ValidateFirstNameEdit" time="3.909"/>
  <system-out/>
  <testcase classname="admin.ProfileTest" name="ValidateLastNameEdit" time="3.774"/>
  <system-out/>
  <testcase classname="admin.ProfileTest" name="ValidatePhoneNumberEdit" time="6.616"/>
  <system-out/>
  <testcase classname="admin.ProfileTest" name="InvalidPhoneNumberFormat" time="0.100"/>
  <system-out/>
  <testcase classname="admin.ProfileTest" name="InvalidPhoneNumberFormat" time="0.068"/>
  <system-out/>
  <testcase classname="admin.ProfileTest" name="ValidateGenderEdit" time="0.044"/>
  <system-out/>
  <testcase classname="admin.ProfileTest" name="ValidateEmailAddressEdit" time="0.046"/>
  <system-out/>
  <testcase classname="admin.ProfileTest" name="ValidateConFirmPasswordField" time="0.715"/>
  <system-out/>
  <testcase classname="admin.ProfileTest" name="ValidatePasswordTips" time="0.846"/>
  <system-out/>
  <testcase classname="admin.ProfileTest" name="EmptyCurrentPasswordField" time="0.288"/>
  <system-out/>
  <testcase classname="admin.ProfileTest" name="ValidateNewPasswordMatch" time="0.327"/>
  <system-out/>
  <testcase classname="admin.ProfileTest" name="InvalidCurrentPassword" time="3.495"/>
  <system-out/>
  <testcase classname="admin.ProfileTest" name="InvalidCurrentPassword" time="3.375"/>
  <system-out/>
</testsuite> <!-- admin.ProfileTest -->
