<?xml version="1.0" encoding="UTF-8"?>
<!-- Generated by org.testng.reporters.JUnitReportReporter -->
<testsuite hostname="YV-Jerry" failures="0" tests="32" name="admin.IdentityTest" time="1203.996" errors="0" timestamp="2022-03-07T12:24:03 WAT" skipped="0">
  <testcase classname="admin.IdentityTest" name="ValidateClearServiceDownList" time="48.377"/>
  <system-out/>
  <testcase classname="admin.IdentityTest" name="ValidateClearPendingList" time="48.431"/>
  <system-out/>
  <testcase classname="admin.IdentityTest" name="ValidateClearVerifiedList" time="48.202"/>
  <system-out/>
  <testcase classname="admin.IdentityTest" name="ValidateClearIncompleteList" time="48.464"/>
  <system-out/>
  <testcase classname="admin.IdentityTest" name="ValidateClearNotVerifiedList" time="48.380"/>
  <system-out/>
  <testcase classname="admin.IdentityTest" name="ValidateIdentityPage" time="7.104"/>
  <system-out/>
  <testcase classname="admin.IdentityTest" name="ValidateIdentityListHeader" time="0.103"/>
  <system-out/>
  <testcase classname="admin.IdentityTest" name="ValidateStatusDropdownList" time="0.080"/>
  <system-out/>
  <testcase classname="admin.IdentityTest" name="ValidateVerifiedStatusField" time="114.026"/>
  <system-out/>
  <testcase classname="admin.IdentityTest" name="ValidateNotVerifiedStatusField" time="120.398"/>
  <system-out/>
  <testcase classname="admin.IdentityTest" name="ValidatePendingStatusField" time="116.997"/>
  <system-out/>
  <testcase classname="admin.IdentityTest" name="ValidateIncompleteStatusField" time="112.345"/>
  <system-out/>
  <testcase classname="admin.IdentityTest" name="ValidateServiceDownStatusField" time="52.450"/>
  <system-out/>
  <testcase classname="admin.IdentityTest" name="ValidateAllLGAFilter" time="8.545"/>
  <system-out/>
  <testcase classname="admin.IdentityTest" name="ValidateAllLGAFilter" time="20.382"/>
  <system-out/>
  <testcase classname="admin.IdentityTest" name="ValidateVerifiedLGAFilter" time="20.346"/>
  <system-out/>
  <testcase classname="admin.IdentityTest" name="ValidateVerifiedLGAFilter" time="20.293"/>
  <system-out/>
  <testcase classname="admin.IdentityTest" name="ValidateNotVerifiedLGAFilter" time="20.435"/>
  <system-out/>
  <testcase classname="admin.IdentityTest" name="ValidateNotVerifiedLGAFilter" time="20.293"/>
  <system-out/>
  <testcase classname="admin.IdentityTest" name="ValidatePendingLGAFilter" time="20.241"/>
  <system-out/>
  <testcase classname="admin.IdentityTest" name="ValidatePendingLGAFilter" time="20.261"/>
  <system-out/>
  <testcase classname="admin.IdentityTest" name="ValidateIncompleteLGAFilter" time="20.251"/>
  <system-out/>
  <testcase classname="admin.IdentityTest" name="ValidateIncompleteLGAFilter" time="20.156"/>
  <system-out/>
  <testcase classname="admin.IdentityTest" name="ValidateServiceDownLGAFilter" time="35.314"/>
  <system-out/>
  <testcase classname="admin.IdentityTest" name="ValidateServiceDownLGAFilter" time="37.549"/>
  <system-out/>
  <testcase classname="admin.IdentityTest" name="ValidateCSVButtonAllStatus" time="6.257"/>
  <system-out/>
  <testcase classname="admin.IdentityTest" name="ValidateCSVButtonVerifiedStatus" time="6.225"/>
  <system-out/>
  <testcase classname="admin.IdentityTest" name="ValidateCSVButtonNotVerifiedStatus" time="6.196"/>
  <system-out/>
  <testcase classname="admin.IdentityTest" name="ValidateCSVButtonPendingStatus" time="6.177"/>
  <system-out/>
  <testcase classname="admin.IdentityTest" name="ValidateCSVButtonIncompleteStatus" time="6.172"/>
  <system-out/>
  <testcase classname="admin.IdentityTest" name="ValidateCSVButtonServiceDownStatus" time="21.334"/>
  <system-out/>
  <testcase classname="admin.IdentityTest" name="ValidateIdentityCardResponse" time="122.212"/>
  <system-out/>
</testsuite> <!-- admin.IdentityTest -->
