<?xml version="1.0" encoding="UTF-8"?>
<!-- Generated by org.testng.reporters.JUnitReportReporter -->
<testsuite hostname="YV-Jerry.local" failures="1" tests="26" name="admin.CouponTest" time="248.346" errors="0" timestamp="2022-09-10T23:24:25 WAT" skipped="0">
  <testcase classname="admin.CouponTest" name="ValidateClearMultipleList" time="39.461"/>
  <system-out/>
  <testcase classname="admin.CouponTest" name="ValidateClearSingleList" time="40.360"/>
  <system-out/>
  <testcase classname="admin.CouponTest" name="ValidateCouponPage" time="17.074"/>
  <system-out/>
  <testcase classname="admin.CouponTest" name="ValidateAutosuggestiveSearchBar" time="0.592"/>
  <system-out/>
  <testcase classname="admin.CouponTest" name="ValidateCategoryDropdownList" time="0.325"/>
  <system-out/>
  <testcase classname="admin.CouponTest" name="ValidateSingleCategoryQuantityField" time="1.089"/>
  <system-out/>
  <testcase classname="admin.CouponTest" name="ValidateSingleAgentField" time="0.070"/>
  <system-out/>
  <testcase classname="admin.CouponTest" name="ValidateMultipleCategoryQuanityField" time="0.143"/>
  <system-out/>
  <testcase classname="admin.CouponTest" name="EmptyDateField" time="1.215"/>
  <system-out/>
  <testcase classname="admin.CouponTest" name="ValidateEndDateCheck" time="2.038"/>
  <system-out/>
  <testcase classname="admin.CouponTest" name="ValidateMultipleCategoryQuanityFieldFormat" time="2.755"/>
  <system-out/>
  <testcase classname="admin.CouponTest" name="ValidateMultipleCategoryQuanityFieldFormat" time="4.392"/>
  <system-out/>
  <testcase classname="admin.CouponTest" name="ValidateDiscountTypeDropdownList" time="0.072"/>
  <system-out/>
  <testcase classname="admin.CouponTest" name="EmptyCouponCodeField" time="2.517"/>
  <system-out/>
  <testcase classname="admin.CouponTest" name="EmptyDiscountValueField" time="1.562"/>
  <system-out/>
  <testcase classname="admin.CouponTest" name="ValidateDiscountPercentageValueFormat" time="2.630"/>
  <system-out/>
  <testcase classname="admin.CouponTest" name="ValidateDiscountAmountValueFormat" time="2.188"/>
  <system-out/>
  <testcase classname="admin.CouponTest" name="SuccessfulSingleCouponRequestOnline" time="21.703">
    <failure message="expected [Success
Coupon payment successful] but found []" type="java.lang.AssertionError">
      <![CDATA[java.lang.AssertionError: expected [Success
Coupon payment successful] but found []
at org.testng.Assert.fail(Assert.java:99)
at org.testng.Assert.failNotEquals(Assert.java:1037)
at org.testng.Assert.assertEqualsImpl(Assert.java:140)
at org.testng.Assert.assertEquals(Assert.java:122)
at org.testng.Assert.assertEquals(Assert.java:629)
at org.testng.Assert.assertEquals(Assert.java:639)
at admin.CouponTest.SuccessfulSingleCouponRequestOnline(CouponTest.java:304)
at java.base/jdk.internal.reflect.NativeMethodAccessorImpl.invoke0(Native Method)
at java.base/jdk.internal.reflect.NativeMethodAccessorImpl.invoke(NativeMethodAccessorImpl.java:78)
at java.base/jdk.internal.reflect.DelegatingMethodAccessorImpl.invoke(DelegatingMethodAccessorImpl.java:43)
at java.base/java.lang.reflect.Method.invoke(Method.java:567)
at org.testng.internal.MethodInvocationHelper.invokeMethod(MethodInvocationHelper.java:133)
at org.testng.internal.TestInvoker.invokeMethod(TestInvoker.java:598)
at org.testng.internal.TestInvoker.invokeTestMethod(TestInvoker.java:173)
at org.testng.internal.MethodRunner.runInSequence(MethodRunner.java:46)
at org.testng.internal.TestInvoker$MethodInvocationAgent.invoke(TestInvoker.java:824)
at org.testng.internal.TestInvoker.invokeTestMethods(TestInvoker.java:146)
at org.testng.internal.TestMethodWorker.invokeTestMethods(TestMethodWorker.java:146)
at org.testng.internal.TestMethodWorker.run(TestMethodWorker.java:128)
at java.base/java.util.ArrayList.forEach(ArrayList.java:1511)
at org.testng.TestRunner.privateRun(TestRunner.java:794)
at org.testng.TestRunner.run(TestRunner.java:596)
at org.testng.SuiteRunner.runTest(SuiteRunner.java:377)
at org.testng.SuiteRunner.runSequentially(SuiteRunner.java:371)
at org.testng.SuiteRunner.privateRun(SuiteRunner.java:332)
at org.testng.SuiteRunner.run(SuiteRunner.java:276)
at org.testng.SuiteRunnerWorker.runSuite(SuiteRunnerWorker.java:53)
at org.testng.SuiteRunnerWorker.run(SuiteRunnerWorker.java:96)
at org.testng.TestNG.runSuitesSequentially(TestNG.java:1212)
at org.testng.TestNG.runSuitesLocally(TestNG.java:1134)
at org.testng.TestNG.runSuites(TestNG.java:1063)
at org.testng.TestNG.run(TestNG.java:1031)
at org.testng.remote.AbstractRemoteTestNG.run(AbstractRemoteTestNG.java:115)
at org.testng.remote.RemoteTestNG.initAndRun(RemoteTestNG.java:251)
at org.testng.remote.RemoteTestNG.main(RemoteTestNG.java:77)
]]>
    </failure>
  </testcase> <!-- SuccessfulSingleCouponRequestOnline -->
  <system-out/>
  <testcase classname="admin.CouponTest" name="SuccessfulMultipleCouponRequestOnline" time="14.199"/>
  <system-out/>
  <testcase classname="admin.CouponTest" name="ValidateGeneratedCouponList" time="38.906"/>
  <system-out/>
  <testcase classname="admin.CouponTest" name="ValidateGenerateCouponCategoryDropdownList" time="0.116"/>
  <system-out/>
  <testcase classname="admin.CouponTest" name="ValidateSingleCouponFilter" time="17.874"/>
  <system-out/>
  <testcase classname="admin.CouponTest" name="ValidateMultipleCouponFilter" time="25.002"/>
  <system-out/>
  <testcase classname="admin.CouponTest" name="ValidateGeneratedListHeader" time="0.121"/>
  <system-out/>
  <testcase classname="admin.CouponTest" name="ValidateGeneratedCouponCardResponse" time="5.530"/>
  <system-out/>
  <testcase classname="admin.CouponTest" name="ValidateDownloadCSVButton" time="6.412"/>
  <system-out/>
</testsuite> <!-- admin.CouponTest -->
