<?xml version="1.0" encoding="UTF-8"?>
<!-- Generated by org.testng.reporters.JUnitReportReporter -->
<testsuite hostname="YV-Jerry.local" failures="0" tests="19" name="admin.ReportTest" time="26.832" errors="0" timestamp="2022-05-13T11:25:34 WAT" skipped="0">
  <testcase classname="admin.ReportTest" name="ValidateVerificationFailedBackButton" time="0.076"/>
  <system-out/>
  <testcase classname="admin.ReportTest" name="ValidateTransactionReportBackButton" time="0.063"/>
  <system-out/>
  <testcase classname="admin.ReportTest" name="ValidateAgentDetailsBackButton" time="0.259"/>
  <system-out/>
  <testcase classname="admin.ReportTest" name="ValidateInfractionReportBackButton" time="0.051"/>
  <system-out/>
  <testcase classname="admin.ReportTest" name="ValidateEnforcerReportBackButton" time="0.050"/>
  <system-out/>
  <testcase classname="admin.ReportTest" name="ValidateGuarantorOutstandingBackButton" time="0.059"/>
  <system-out/>
  <testcase classname="admin.ReportTest" name="ValidateReportPage" time="9.153"/>
  <system-out/>
  <testcase classname="admin.ReportTest" name="ValidatePageTabs" time="0.056"/>
  <system-out/>
  <testcase classname="admin.ReportTest" name="ValidateCategoryDropdownList" time="0.209"/>
  <system-out/>
  <testcase classname="admin.ReportTest" name="ValidateEmptyReportRequest" time="1.180"/>
  <system-out/>
  <testcase classname="admin.ReportTest" name="ValidateAgentDetailsReport" time="2.729"/>
  <system-out/>
  <testcase classname="admin.ReportTest" name="ValidateVerificationFailedReport" time="0.651"/>
  <system-out/>
  <testcase classname="admin.ReportTest" name="ValidateGuarantorOutstandingReport" time="0.764"/>
  <system-out/>
  <testcase classname="admin.ReportTest" name="ValidateTransactionReport" time="0.863"/>
  <system-out/>
  <testcase classname="admin.ReportTest" name="ValidateInfractionReport" time="0.827"/>
  <system-out/>
  <testcase classname="admin.ReportTest" name="ValidateInfractionReportViewPhotos" time="2.564"/>
  <system-out/>
  <testcase classname="admin.ReportTest" name="ValidateEnforcerReport" time="0.621"/>
  <system-out/>
  <testcase classname="admin.ReportTest" name="ValidateInspectionPage" time="0.383"/>
  <system-out/>
  <testcase classname="admin.ReportTest" name="ValidateInspectionReportPage" time="6.274"/>
  <system-out/>
</testsuite> <!-- admin.ReportTest -->
