<?xml version="1.0" encoding="UTF-8"?>
<!-- Generated by org.testng.reporters.JUnitReportReporter -->
<testsuite hostname="YV-Jerry.local" failures="0" tests="8" name="admin.ForgotPasswordTest" time="10.623" errors="0" timestamp="2022-05-13T11:25:34 WAT" skipped="0">
  <testcase classname="admin.ForgotPasswordTest" name="ValidateForgotPasswordLink" time="2.164"/>
  <system-out/>
  <testcase classname="admin.ForgotPasswordTest" name="InvalidEmailAddressFormat" time="0.149"/>
  <system-out/>
  <testcase classname="admin.ForgotPasswordTest" name="InvalidEmailAddressFormat" time="4.375"/>
  <system-out/>
  <testcase classname="admin.ForgotPasswordTest" name="InvalidEmailAddressNotFound" time="0.754"/>
  <system-out/>
  <testcase classname="admin.ForgotPasswordTest" name="InvalidEmailAddressNotFound" time="1.065"/>
  <system-out/>
  <testcase classname="admin.ForgotPasswordTest" name="ValidateSuccessfulResetPassword" time="1.013"/>
  <system-out/>
  <testcase classname="admin.ForgotPasswordTest" name="ValidateSuccessfulResetPassword" time="0.978"/>
  <system-out/>
  <testcase classname="admin.ForgotPasswordTest" name="ValidateBackToLoginLink" time="0.125"/>
  <system-out/>
</testsuite> <!-- admin.ForgotPasswordTest -->
