<?xml version="1.0" encoding="UTF-8"?>
<!-- Generated by org.testng.reporters.JUnitReportReporter -->
<testsuite hostname="YV-Jerry" failures="0" tests="2" name="agent.Test3" time="0.010" errors="0" timestamp="2021-12-30T18:21:38 WAT" skipped="0">
  <testcase classname="agent.Test3" name="demo3" time="0.009"/>
  <system-out/>
  <testcase classname="agent.Test3" name="demo3" time="0.001"/>
  <system-out/>
</testsuite> <!-- agent.Test3 -->
