<?xml version="1.0" encoding="UTF-8"?>
<!-- Generated by org.testng.reporters.JUnitReportReporter -->
<testsuite hostname="YV-Jerry.local" failures="0" tests="6" name="agent.PaymentTest" time="33.755" errors="0" timestamp="2022-05-13T11:25:34 WAT" skipped="0">
  <testcase classname="agent.PaymentTest" name="ValidatePaymentPage" time="13.750"/>
  <system-out/>
  <testcase classname="agent.PaymentTest" name="InvalidCouponCode" time="0.754"/>
  <system-out/>
  <testcase classname="agent.PaymentTest" name="validCouponCode" time="3.743"/>
  <system-out/>
  <testcase classname="agent.PaymentTest" name="ValidateCouponCodeRemoval" time="0.854"/>
  <system-out/>
  <testcase classname="agent.PaymentTest" name="ValidateBackButton" time="0.938"/>
  <system-out/>
  <testcase classname="agent.PaymentTest" name="SuccessfulPayment" time="13.716"/>
  <system-out/>
</testsuite> <!-- agent.PaymentTest -->
