<?xml version="1.0" encoding="UTF-8"?>
<!-- Generated by org.testng.reporters.JUnitReportReporter -->
<testsuite hostname="YV-Jerry" failures="0" tests="19" name="admin.ReportTest" time="22.483" errors="0" timestamp="2022-03-14T18:26:24 WAT" skipped="0">
  <testcase classname="admin.ReportTest" name="ValidateInfractionReportBackButton" time="0.202"/>
  <system-out/>
  <testcase classname="admin.ReportTest" name="ValidateAgentDetailsBackButton" time="0.181"/>
  <system-out/>
  <testcase classname="admin.ReportTest" name="ValidateVerificationFailedBackButton" time="0.105"/>
  <system-out/>
  <testcase classname="admin.ReportTest" name="ValidateEnforcerReportBackButton" time="0.074"/>
  <system-out/>
  <testcase classname="admin.ReportTest" name="ValidateTransactionReportBackButton" time="0.128"/>
  <system-out/>
  <testcase classname="admin.ReportTest" name="ValidateGuarantorOutstandingBackButton" time="0.071"/>
  <system-out/>
  <testcase classname="admin.ReportTest" name="ValidateReportPage" time="5.638"/>
  <system-out/>
  <testcase classname="admin.ReportTest" name="ValidatePageTabs" time="0.095"/>
  <system-out/>
  <testcase classname="admin.ReportTest" name="ValidateCategoryDropdownList" time="0.482"/>
  <system-out/>
  <testcase classname="admin.ReportTest" name="ValidateEmptyReportRequest" time="1.012"/>
  <system-out/>
  <testcase classname="admin.ReportTest" name="ValidateAgentDetailsReport" time="2.199"/>
  <system-out/>
  <testcase classname="admin.ReportTest" name="ValidateVerificationFailedReport" time="0.779"/>
  <system-out/>
  <testcase classname="admin.ReportTest" name="ValidateGuarantorOutstandingReport" time="0.895"/>
  <system-out/>
  <testcase classname="admin.ReportTest" name="ValidateTransactionReport" time="0.771"/>
  <system-out/>
  <testcase classname="admin.ReportTest" name="ValidateInfractionReport" time="0.762"/>
  <system-out/>
  <testcase classname="admin.ReportTest" name="ValidateInfractionReportViewPhotos" time="2.454"/>
  <system-out/>
  <testcase classname="admin.ReportTest" name="ValidateEnforcerReport" time="0.648"/>
  <system-out/>
  <testcase classname="admin.ReportTest" name="ValidateInspectionPage" time="0.268"/>
  <system-out/>
  <testcase classname="admin.ReportTest" name="ValidateInspectionReportPage" time="5.719"/>
  <system-out/>
</testsuite> <!-- admin.ReportTest -->
