<?xml version="1.0" encoding="UTF-8"?>
<!-- Generated by org.testng.reporters.JUnitReportReporter -->
<testsuite hostname="YV-Jerry" failures="0" tests="14" name="agent.IdentityInformationTest" time="23.004" errors="0" timestamp="2022-02-16T10:18:58 WAT" skipped="0">
  <testcase classname="agent.IdentityInformationTest" name="ValidateIdentityInformationPage" time="8.914"/>
  <system-out/>
  <testcase classname="agent.IdentityInformationTest" name="ValidateBvnMessage" time="0.743"/>
  <system-out/>
  <testcase classname="agent.IdentityInformationTest" name="ValidateNinSample" time="1.457"/>
  <system-out/>
  <testcase classname="agent.IdentityInformationTest" name="ValidateDriverLicenseSample" time="0.673"/>
  <system-out/>
  <testcase classname="agent.IdentityInformationTest" name="ValidateBackButton" time="1.698"/>
  <system-out/>
  <testcase classname="agent.IdentityInformationTest" name="ValidateNinFormat" time="0.739"/>
  <system-out/>
  <testcase classname="agent.IdentityInformationTest" name="ValidateNinFormat" time="1.087"/>
  <system-out/>
  <testcase classname="agent.IdentityInformationTest" name="ValidateBvnFormat" time="0.779"/>
  <system-out/>
  <testcase classname="agent.IdentityInformationTest" name="ValidateBvnFormat" time="0.844"/>
  <system-out/>
  <testcase classname="agent.IdentityInformationTest" name="ValidateDriverLicenseFormat" time="1.049"/>
  <system-out/>
  <testcase classname="agent.IdentityInformationTest" name="ValidateDriverLicenseFormat" time="1.013"/>
  <system-out/>
  <testcase classname="agent.IdentityInformationTest" name="ValidatePreviewButton" time="0.660"/>
  <system-out/>
  <testcase classname="agent.IdentityInformationTest" name="ValidateSuccessfulIdentityInformationForm" time="1.735"/>
  <system-out/>
  <testcase classname="agent.IdentityInformationTest" name="ValidateSuccessfulIdentityInformationForm" time="1.613"/>
  <system-out/>
</testsuite> <!-- agent.IdentityInformationTest -->
