<?xml version="1.0" encoding="UTF-8"?>
<!-- Generated by org.testng.reporters.JUnitReportReporter -->
<testsuite hostname="YV-Jerry" failures="0" tests="32" name="admin.IdentityTest" time="1250.554" errors="0" timestamp="2022-04-08T11:14:42 WAT" skipped="0">
  <testcase classname="admin.IdentityTest" name="ValidateClearIncompleteList" time="45.358"/>
  <system-out/>
  <testcase classname="admin.IdentityTest" name="ValidateClearVerifiedList" time="45.220"/>
  <system-out/>
  <testcase classname="admin.IdentityTest" name="ValidateClearServiceDownList" time="45.460"/>
  <system-out/>
  <testcase classname="admin.IdentityTest" name="ValidateClearNotVerifiedList" time="45.406"/>
  <system-out/>
  <testcase classname="admin.IdentityTest" name="ValidateClearPendingList" time="45.560"/>
  <system-out/>
  <testcase classname="admin.IdentityTest" name="ValidateIdentityPage" time="7.386"/>
  <system-out/>
  <testcase classname="admin.IdentityTest" name="ValidateIdentityListHeader" time="0.106"/>
  <system-out/>
  <testcase classname="admin.IdentityTest" name="ValidateStatusDropdownList" time="0.074"/>
  <system-out/>
  <testcase classname="admin.IdentityTest" name="ValidateVerifiedStatusField" time="109.178"/>
  <system-out/>
  <testcase classname="admin.IdentityTest" name="ValidateNotVerifiedStatusField" time="113.530"/>
  <system-out/>
  <testcase classname="admin.IdentityTest" name="ValidatePendingStatusField" time="110.776"/>
  <system-out/>
  <testcase classname="admin.IdentityTest" name="ValidateIncompleteStatusField" time="99.517"/>
  <system-out/>
  <testcase classname="admin.IdentityTest" name="ValidateServiceDownStatusField" time="52.560"/>
  <system-out/>
  <testcase classname="admin.IdentityTest" name="ValidateAllLGAFilter" time="8.532"/>
  <system-out/>
  <testcase classname="admin.IdentityTest" name="ValidateAllLGAFilter" time="8.617"/>
  <system-out/>
  <testcase classname="admin.IdentityTest" name="ValidateVerifiedLGAFilter" time="20.269"/>
  <system-out/>
  <testcase classname="admin.IdentityTest" name="ValidateVerifiedLGAFilter" time="20.356"/>
  <system-out/>
  <testcase classname="admin.IdentityTest" name="ValidateNotVerifiedLGAFilter" time="20.586"/>
  <system-out/>
  <testcase classname="admin.IdentityTest" name="ValidateNotVerifiedLGAFilter" time="20.340"/>
  <system-out/>
  <testcase classname="admin.IdentityTest" name="ValidatePendingLGAFilter" time="20.567"/>
  <system-out/>
  <testcase classname="admin.IdentityTest" name="ValidatePendingLGAFilter" time="20.190"/>
  <system-out/>
  <testcase classname="admin.IdentityTest" name="ValidateIncompleteLGAFilter" time="20.315"/>
  <system-out/>
  <testcase classname="admin.IdentityTest" name="ValidateIncompleteLGAFilter" time="20.223"/>
  <system-out/>
  <testcase classname="admin.IdentityTest" name="ValidateServiceDownLGAFilter" time="38.083"/>
  <system-out/>
  <testcase classname="admin.IdentityTest" name="ValidateServiceDownLGAFilter" time="35.413"/>
  <system-out/>
  <testcase classname="admin.IdentityTest" name="ValidateCSVButtonAllStatus" time="6.265"/>
  <system-out/>
  <testcase classname="admin.IdentityTest" name="ValidateCSVButtonVerifiedStatus" time="6.237"/>
  <system-out/>
  <testcase classname="admin.IdentityTest" name="ValidateCSVButtonNotVerifiedStatus" time="6.210"/>
  <system-out/>
  <testcase classname="admin.IdentityTest" name="ValidateCSVButtonPendingStatus" time="6.206"/>
  <system-out/>
  <testcase classname="admin.IdentityTest" name="ValidateCSVButtonIncompleteStatus" time="6.224"/>
  <system-out/>
  <testcase classname="admin.IdentityTest" name="ValidateCSVButtonServiceDownStatus" time="21.347"/>
  <system-out/>
  <testcase classname="admin.IdentityTest" name="ValidateIdentityCardResponse" time="224.443"/>
  <system-out/>
</testsuite> <!-- admin.IdentityTest -->
