<?xml version="1.0" encoding="UTF-8"?>
<!-- Generated by org.testng.reporters.JUnitReportReporter -->
<testsuite hostname="YV-Jerry" failures="0" tests="6" name="admin.AuditLogTest" time="46.748" errors="0" timestamp="2022-03-08T18:03:00 WAT" skipped="0">
  <testcase classname="admin.AuditLogTest" name="ValidateAuditLoginPage" time="6.722"/>
  <system-out/>
  <testcase classname="admin.AuditLogTest" name="ValidateLogListHeader" time="0.105"/>
  <system-out/>
  <testcase classname="admin.AuditLogTest" name="ValidateUserSearchField" time="8.138"/>
  <system-out/>
  <testcase classname="admin.AuditLogTest" name="ValidateUserSearchField" time="7.965"/>
  <system-out/>
  <testcase classname="admin.AuditLogTest" name="ValidateEventFieldDropDownList" time="0.295"/>
  <system-out/>
  <testcase classname="admin.AuditLogTest" name="ValidateAuditLogCardResponse" time="23.523"/>
  <system-out/>
</testsuite> <!-- admin.AuditLogTest -->
