<?xml version="1.0" encoding="UTF-8"?>
<!-- Generated by org.testng.reporters.JUnitReportReporter -->
<testsuite hostname="YV-Jerry.local" failures="0" tests="8" name="agent.FormPreviewTest" time="45.447" errors="0" timestamp="2022-09-10T23:24:25 WAT" skipped="0">
  <testcase classname="agent.FormPreviewTest" name="ValidateFormPreviewPage" time="16.998"/>
  <system-out/>
  <testcase classname="agent.FormPreviewTest" name="ValidatePersonalInformationEditButton" time="2.026"/>
  <system-out/>
  <testcase classname="agent.FormPreviewTest" name="ValidateIdentityInformationEditButton" time="2.062"/>
  <system-out/>
  <testcase classname="agent.FormPreviewTest" name="ValidateBusinessAddressEditButton" time="17.504"/>
  <system-out/>
  <testcase classname="agent.FormPreviewTest" name="ValidateResidentialAddressEditButton" time="1.889"/>
  <system-out/>
  <testcase classname="agent.FormPreviewTest" name="ValidateGuarantorInformationEditButton" time="1.488"/>
  <system-out/>
  <testcase classname="agent.FormPreviewTest" name="ValidateBackButton" time="0.349"/>
  <system-out/>
  <testcase classname="agent.FormPreviewTest" name="ValidateProceedButton" time="3.131"/>
  <system-out/>
</testsuite> <!-- agent.FormPreviewTest -->
