<?xml version="1.0" encoding="UTF-8"?>
<!-- Generated by org.testng.reporters.JUnitReportReporter -->
<testsuite hostname="YV-Jerry" failures="0" tests="9" name="agent.RegisterAsAnAgentTest" time="23.286" errors="0" timestamp="2022-02-16T10:18:58 WAT" skipped="0">
  <testcase classname="agent.RegisterAsAnAgentTest" name="ValidateRegistrationForm" time="4.191"/>
  <system-out/>
  <testcase classname="agent.RegisterAsAnAgentTest" name="EmptyEmailField" time="3.202"/>
  <system-out/>
  <testcase classname="agent.RegisterAsAnAgentTest" name="InvalidEmailAddress" time="2.380"/>
  <system-out/>
  <testcase classname="agent.RegisterAsAnAgentTest" name="EmptyPhoneNumberField" time="1.845"/>
  <system-out/>
  <testcase classname="agent.RegisterAsAnAgentTest" name="InvalidPhoneNumber" time="1.943"/>
  <system-out/>
  <testcase classname="agent.RegisterAsAnAgentTest" name="EmptyPermitCategory" time="1.205"/>
  <system-out/>
  <testcase classname="agent.RegisterAsAnAgentTest" name="EmptyCompany" time="1.675"/>
  <system-out/>
  <testcase classname="agent.RegisterAsAnAgentTest" name="ValidateConsentForm" time="3.064"/>
  <system-out/>
  <testcase classname="agent.RegisterAsAnAgentTest" name="ValidateAcceptConsentForm" time="3.781"/>
  <system-out/>
</testsuite> <!-- agent.RegisterAsAnAgentTest -->
