<?xml version="1.0" encoding="UTF-8"?>
<!-- Generated by org.testng.reporters.JUnitReportReporter -->
<testsuite hostname="YV-Jerry" failures="0" tests="8" name="admin.ForgotPasswordTest" time="5.944" errors="0" timestamp="2022-03-07T12:24:03 WAT" skipped="0">
  <testcase classname="admin.ForgotPasswordTest" name="ValidateForgotPasswordLink" time="1.664"/>
  <system-out/>
  <testcase classname="admin.ForgotPasswordTest" name="InvalidEmailAddressFormat" time="1.963"/>
  <system-out/>
  <testcase classname="admin.ForgotPasswordTest" name="InvalidEmailAddressFormat" time="0.119"/>
  <system-out/>
  <testcase classname="admin.ForgotPasswordTest" name="InvalidEmailAddressNotFound" time="0.619"/>
  <system-out/>
  <testcase classname="admin.ForgotPasswordTest" name="InvalidEmailAddressNotFound" time="0.635"/>
  <system-out/>
  <testcase classname="admin.ForgotPasswordTest" name="ValidateSuccessfulResetPassword" time="0.446"/>
  <system-out/>
  <testcase classname="admin.ForgotPasswordTest" name="ValidateSuccessfulResetPassword" time="0.402"/>
  <system-out/>
  <testcase classname="admin.ForgotPasswordTest" name="ValidateBackToLoginLink" time="0.096"/>
  <system-out/>
</testsuite> <!-- admin.ForgotPasswordTest -->
