<?xml version="1.0" encoding="UTF-8"?>
<!-- Generated by org.testng.reporters.JUnitReportReporter -->
<testsuite hostname="YV-Jerry" failures="0" tests="2" name="admin.AddressTest" time="7.926" errors="0" timestamp="2022-04-08T11:14:42 WAT" skipped="0">
  <testcase classname="admin.AddressTest" name="ValidateAddressPage" time="7.810"/>
  <system-out/>
  <testcase classname="admin.AddressTest" name="ValidateAddressListHeader" time="0.116"/>
  <system-out/>
</testsuite> <!-- admin.AddressTest -->
