<?xml version="1.0" encoding="UTF-8"?>
<!-- Generated by org.testng.reporters.JUnitReportReporter -->
<testsuite hostname="YV-Jerry.local" failures="0" tests="14" name="admin.PermitTest" time="181.157" errors="0" timestamp="2022-05-13T11:25:34 WAT" skipped="0">
  <testcase classname="admin.PermitTest" name="ValidatePermitPage" time="10.406"/>
  <system-out/>
  <testcase classname="admin.PermitTest" name="ValidatePermitListHeader" time="0.092"/>
  <system-out/>
  <testcase classname="admin.PermitTest" name="ValidatePermitArrangement" time="0.324"/>
  <system-out/>
  <testcase classname="admin.PermitTest" name="ValidateStatusDropodownList" time="0.077"/>
  <system-out/>
  <testcase classname="admin.PermitTest" name="ValidateAllStatusFilter" time="11.011"/>
  <system-out/>
  <testcase classname="admin.PermitTest" name="ValidateActiveStatusFilter" time="16.728"/>
  <system-out/>
  <testcase classname="admin.PermitTest" name="ValidateDisabledStatusFilter" time="27.937"/>
  <system-out/>
  <testcase classname="admin.PermitTest" name="ValidateSearchBar" time="34.771"/>
  <system-out/>
  <testcase classname="admin.PermitTest" name="ValidateSearchBar" time="34.749"/>
  <system-out/>
  <testcase classname="admin.PermitTest" name="ValidateSetPermitButton" time="10.221"/>
  <system-out/>
  <testcase classname="admin.PermitTest" name="ValidateActiveStatusButton" time="7.091"/>
  <system-out/>
  <testcase classname="admin.PermitTest" name="ValidateDisabledStatusButton" time="6.522"/>
  <system-out/>
  <testcase classname="admin.PermitTest" name="ValidateStatusButtonResponse" time="19.858"/>
  <system-out/>
  <testcase classname="admin.PermitTest" name="ValidateDuplicatePermitResponse" time="1.370"/>
  <system-out/>
</testsuite> <!-- admin.PermitTest -->
