<?xml version="1.0" encoding="UTF-8"?>
<!-- Generated by org.testng.reporters.JUnitReportReporter -->
<testsuite hostname="YV-Jerry" failures="0" tests="28" name="admin.TransactionsTest" time="482.277" errors="0" timestamp="2022-03-07T12:24:03 WAT" skipped="0">
  <testcase classname="admin.TransactionsTest" name="ValidateTransactionsPage" time="8.121"/>
  <system-out/>
  <testcase classname="admin.TransactionsTest" name="ValidateSingleCouponRequestReconcilationAdmin" time="14.727"/>
  <system-out/>
  <testcase classname="admin.TransactionsTest" name="ValidateMultipleCouponRequestReconcilationAdmin" time="10.145"/>
  <system-out/>
  <testcase classname="admin.TransactionsTest" name="ValidateTransactionsListHeader" time="0.106"/>
  <system-out/>
  <testcase classname="admin.TransactionsTest" name="ValidateSearchBar" time="9.421"/>
  <system-out/>
  <testcase classname="admin.TransactionsTest" name="ValidateSearchBar" time="9.383"/>
  <system-out/>
  <testcase classname="admin.TransactionsTest" name="ValidateStatusDropdownList" time="0.118"/>
  <system-out/>
  <testcase classname="admin.TransactionsTest" name="ValidateAllStatusField" time="116.096"/>
  <system-out/>
  <testcase classname="admin.TransactionsTest" name="ValidateInitiatedStatusField" time="32.769"/>
  <system-out/>
  <testcase classname="admin.TransactionsTest" name="ValidateAbandonedStatusField" time="19.755"/>
  <system-out/>
  <testcase classname="admin.TransactionsTest" name="ValidateSuccessStatusField" time="69.227"/>
  <system-out/>
  <testcase classname="admin.TransactionsTest" name="ValidateFailedStatusField" time="18.242"/>
  <system-out/>
  <testcase classname="admin.TransactionsTest" name="ValidateReversedStatusField" time="18.229"/>
  <system-out/>
  <testcase classname="admin.TransactionsTest" name="ValidateDeclinedStatusField" time="18.158"/>
  <system-out/>
  <testcase classname="admin.TransactionsTest" name="ValidateFraudStatusField" time="18.169"/>
  <system-out/>
  <testcase classname="admin.TransactionsTest" name="ValidateInitiatedStatusTransactions" time="29.126"/>
  <system-out/>
  <testcase classname="admin.TransactionsTest" name="ValidateSuccessTransactionPaymentStatus" time="3.593"/>
  <system-out/>
  <testcase classname="admin.TransactionsTest" name="ValidateInitiatedTransactionPaymentStatus" time="3.556"/>
  <system-out/>
  <testcase classname="admin.TransactionsTest" name="ValidateAbandonedTransactionPaymentStatus" time="3.666"/>
  <system-out/>
  <testcase classname="admin.TransactionsTest" name="ValidateCsvExport" time="6.137"/>
  <system-out/>
  <testcase classname="admin.TransactionsTest" name="ValidateCsvExport" time="6.114"/>
  <system-out/>
  <testcase classname="admin.TransactionsTest" name="ValidateCsvExport" time="6.126"/>
  <system-out/>
  <testcase classname="admin.TransactionsTest" name="ValidateCsvExport" time="6.153"/>
  <system-out/>
  <testcase classname="admin.TransactionsTest" name="ValidateCsvExport" time="6.167"/>
  <system-out/>
  <testcase classname="admin.TransactionsTest" name="ValidateCsvExport" time="6.159"/>
  <system-out/>
  <testcase classname="admin.TransactionsTest" name="ValidateCsvExport" time="6.146"/>
  <system-out/>
  <testcase classname="admin.TransactionsTest" name="ValidateCsvExport" time="6.122"/>
  <system-out/>
  <testcase classname="admin.TransactionsTest" name="ValidateTransactionCardResponse" time="30.546"/>
  <system-out/>
</testsuite> <!-- admin.TransactionsTest -->
