<?xml version="1.0" encoding="UTF-8"?>
<!-- Generated by org.testng.reporters.JUnitReportReporter -->
<testsuite hostname="YV-Jerry" failures="0" tests="8" name="agent.FormPreviewTest" time="31.858" errors="1" timestamp="2022-02-16T10:18:58 WAT" skipped="0">
  <testcase classname="agent.FormPreviewTest" name="ValidateFormPreviewPage" time="8.562"/>
  <system-out/>
  <testcase classname="agent.FormPreviewTest" name="ValidatePersonalInformationEditButton" time="1.451"/>
  <system-out/>
  <testcase classname="agent.FormPreviewTest" name="ValidateIdentityInformationEditButton" time="1.495"/>
  <system-out/>
  <testcase classname="agent.FormPreviewTest" name="ValidateBusinessAddressEditButton" time="0.956">
    <error message="stale element reference: element is not attached to the page document
  (Session info: chrome=98.0.4758.80)
For documentation on this error, please visit: https://selenium.dev/exceptions/#stale_element_reference
Build info: version: &#039;4.1.2&#039;, revision: &#039;9a5a329c5a&#039;
System info: host: &#039;YV-Jerry&#039;, ip: &#039;fe80:0:0:0:8eb:80ca:3d3c:e28f%en0&#039;, os.name: &#039;Mac OS X&#039;, os.arch: &#039;x86_64&#039;, os.version: &#039;11.0&#039;, java.version: &#039;16.0.2&#039;
Driver info: org.openqa.selenium.chrome.ChromeDriver
Command: [9f7a956a8ed47f6fbebf9a69c1961cf3, clickElement {id=076c7ced-2fa2-4e55-a642-e55765900908}]
Capabilities {acceptInsecureCerts: false, browserName: chrome, browserVersion: 98.0.4758.80, chrome: {chromedriverVersion: 97.0.4692.71 (adefa7837d02a..., userDataDir: /var/folders/8c/dvnzzls14cz...}, goog:chromeOptions: {debuggerAddress: localhost:57926}, javascriptEnabled: true, networkConnectionEnabled: false, pageLoadStrategy: normal, platform: MAC, platformName: MAC, proxy: Proxy(), se:cdp: ws://localhost:57926/devtoo..., se:cdpVersion: 98.0.4758.80, setWindowRect: true, strictFileInteractability: false, timeouts: {implicit: 0, pageLoad: 300000, script: 30000}, unhandledPromptBehavior: dismiss and notify, webauthn:extension:credBlob: true, webauthn:extension:largeBlob: true, webauthn:virtualAuthenticators: true}
Element: [[ChromeDriver: chrome on MAC (9f7a956a8ed47f6fbebf9a69c1961cf3)] -&gt; xpath: //a[text()=&#039;[ Edit ]&#039;]]
Session ID: 9f7a956a8ed47f6fbebf9a69c1961cf3" type="org.openqa.selenium.StaleElementReferenceException">
      <![CDATA[org.openqa.selenium.StaleElementReferenceException: stale element reference: element is not attached to the page document
  (Session info: chrome=98.0.4758.80)
For documentation on this error, please visit: https://selenium.dev/exceptions/#stale_element_reference
Build info: version: '4.1.2', revision: '9a5a329c5a'
System info: host: 'YV-Jerry', ip: 'fe80:0:0:0:8eb:80ca:3d3c:e28f%en0', os.name: 'Mac OS X', os.arch: 'x86_64', os.version: '11.0', java.version: '16.0.2'
Driver info: org.openqa.selenium.chrome.ChromeDriver
Command: [9f7a956a8ed47f6fbebf9a69c1961cf3, clickElement {id=076c7ced-2fa2-4e55-a642-e55765900908}]
Capabilities {acceptInsecureCerts: false, browserName: chrome, browserVersion: 98.0.4758.80, chrome: {chromedriverVersion: 97.0.4692.71 (adefa7837d02a..., userDataDir: /var/folders/8c/dvnzzls14cz...}, goog:chromeOptions: {debuggerAddress: localhost:57926}, javascriptEnabled: true, networkConnectionEnabled: false, pageLoadStrategy: normal, platform: MAC, platformName: MAC, proxy: Proxy(), se:cdp: ws://localhost:57926/devtoo..., se:cdpVersion: 98.0.4758.80, setWindowRect: true, strictFileInteractability: false, timeouts: {implicit: 0, pageLoad: 300000, script: 30000}, unhandledPromptBehavior: dismiss and notify, webauthn:extension:credBlob: true, webauthn:extension:largeBlob: true, webauthn:virtualAuthenticators: true}
Element: [[ChromeDriver: chrome on MAC (9f7a956a8ed47f6fbebf9a69c1961cf3)] -> xpath: //a[text()='[ Edit ]']]
Session ID: 9f7a956a8ed47f6fbebf9a69c1961cf3
at java.base/jdk.internal.reflect.NativeConstructorAccessorImpl.newInstance0(Native Method)
at java.base/jdk.internal.reflect.NativeConstructorAccessorImpl.newInstance(NativeConstructorAccessorImpl.java:78)
at java.base/jdk.internal.reflect.DelegatingConstructorAccessorImpl.newInstance(DelegatingConstructorAccessorImpl.java:45)
at java.base/java.lang.reflect.Constructor.newInstanceWithCaller(Constructor.java:499)
at java.base/java.lang.reflect.Constructor.newInstance(Constructor.java:480)
at org.openqa.selenium.remote.codec.w3c.W3CHttpResponseCodec.createException(W3CHttpResponseCodec.java:200)
at org.openqa.selenium.remote.codec.w3c.W3CHttpResponseCodec.decode(W3CHttpResponseCodec.java:133)
at org.openqa.selenium.remote.codec.w3c.W3CHttpResponseCodec.decode(W3CHttpResponseCodec.java:53)
at org.openqa.selenium.remote.HttpCommandExecutor.execute(HttpCommandExecutor.java:184)
at org.openqa.selenium.remote.service.DriverCommandExecutor.invokeExecute(DriverCommandExecutor.java:167)
at org.openqa.selenium.remote.service.DriverCommandExecutor.execute(DriverCommandExecutor.java:142)
at org.openqa.selenium.remote.RemoteWebDriver.execute(RemoteWebDriver.java:558)
at org.openqa.selenium.remote.RemoteWebElement.execute(RemoteWebElement.java:251)
at org.openqa.selenium.remote.RemoteWebElement.click(RemoteWebElement.java:77)
at agent.FormPreviewTest.ValidateBusinessAddressEditButton(FormPreviewTest.java:112)
at java.base/jdk.internal.reflect.NativeMethodAccessorImpl.invoke0(Native Method)
at java.base/jdk.internal.reflect.NativeMethodAccessorImpl.invoke(NativeMethodAccessorImpl.java:78)
at java.base/jdk.internal.reflect.DelegatingMethodAccessorImpl.invoke(DelegatingMethodAccessorImpl.java:43)
at java.base/java.lang.reflect.Method.invoke(Method.java:567)
at org.testng.internal.MethodInvocationHelper.invokeMethod(MethodInvocationHelper.java:133)
at org.testng.internal.TestInvoker.invokeMethod(TestInvoker.java:598)
at org.testng.internal.TestInvoker.invokeTestMethod(TestInvoker.java:173)
at org.testng.internal.MethodRunner.runInSequence(MethodRunner.java:46)
at org.testng.internal.TestInvoker$MethodInvocationAgent.invoke(TestInvoker.java:824)
at org.testng.internal.TestInvoker.invokeTestMethods(TestInvoker.java:146)
at org.testng.internal.TestMethodWorker.invokeTestMethods(TestMethodWorker.java:146)
at org.testng.internal.TestMethodWorker.run(TestMethodWorker.java:128)
at java.base/java.util.ArrayList.forEach(ArrayList.java:1511)
at org.testng.TestRunner.privateRun(TestRunner.java:794)
at org.testng.TestRunner.run(TestRunner.java:596)
at org.testng.SuiteRunner.runTest(SuiteRunner.java:377)
at org.testng.SuiteRunner.runSequentially(SuiteRunner.java:371)
at org.testng.SuiteRunner.privateRun(SuiteRunner.java:332)
at org.testng.SuiteRunner.run(SuiteRunner.java:276)
at org.testng.SuiteRunnerWorker.runSuite(SuiteRunnerWorker.java:53)
at org.testng.SuiteRunnerWorker.run(SuiteRunnerWorker.java:96)
at org.testng.TestNG.runSuitesSequentially(TestNG.java:1212)
at org.testng.TestNG.runSuitesLocally(TestNG.java:1134)
at org.testng.TestNG.runSuites(TestNG.java:1063)
at org.testng.TestNG.run(TestNG.java:1031)
at org.testng.remote.AbstractRemoteTestNG.run(AbstractRemoteTestNG.java:115)
at org.testng.remote.RemoteTestNG.initAndRun(RemoteTestNG.java:251)
at org.testng.remote.RemoteTestNG.main(RemoteTestNG.java:77)
]]>
    </error>
  </testcase> <!-- ValidateBusinessAddressEditButton -->
  <system-out/>
  <testcase classname="agent.FormPreviewTest" name="ValidateResidentialAddressEditButton" time="15.638"/>
  <system-out/>
  <testcase classname="agent.FormPreviewTest" name="ValidateGuarantorInformationEditButton" time="1.370"/>
  <system-out/>
  <testcase classname="agent.FormPreviewTest" name="ValidateBackButton" time="0.276"/>
  <system-out/>
  <testcase classname="agent.FormPreviewTest" name="ValidateProceedButton" time="2.110"/>
  <system-out/>
</testsuite> <!-- agent.FormPreviewTest -->
