<?xml version="1.0" encoding="UTF-8"?>
<!-- Generated by org.testng.reporters.JUnitReportReporter -->
<testsuite hostname="YV-Jerry" failures="0" tests="12" name="agent.BusinessAddressTest" time="24.312" errors="0" timestamp="2022-03-07T12:24:03 WAT" skipped="0">
  <testcase classname="agent.BusinessAddressTest" name="ValidateBusinessAddressPage" time="8.684"/>
  <system-out/>
  <testcase classname="agent.BusinessAddressTest" name="EmptyLcaField" time="2.392"/>
  <system-out/>
  <testcase classname="agent.BusinessAddressTest" name="EmptyLcaField" time="1.543"/>
  <system-out/>
  <testcase classname="agent.BusinessAddressTest" name="EmptyAddressField" time="0.451"/>
  <system-out/>
  <testcase classname="agent.BusinessAddressTest" name="EmptyAddressField" time="1.720"/>
  <system-out/>
  <testcase classname="agent.BusinessAddressTest" name="EmptyLandmarkField" time="0.938"/>
  <system-out/>
  <testcase classname="agent.BusinessAddressTest" name="EmptyLandmarkField" time="1.617"/>
  <system-out/>
  <testcase classname="agent.BusinessAddressTest" name="ValidateLcaArrangement" time="2.017"/>
  <system-out/>
  <testcase classname="agent.BusinessAddressTest" name="ValidatePreviewButton" time="1.603"/>
  <system-out/>
  <testcase classname="agent.BusinessAddressTest" name="ValidateBackButton" time="0.866"/>
  <system-out/>
  <testcase classname="agent.BusinessAddressTest" name="ValidateSuccessfulBusinessAddressForm" time="1.300"/>
  <system-out/>
  <testcase classname="agent.BusinessAddressTest" name="ValidateSuccessfulBusinessAddressForm" time="1.181"/>
  <system-out/>
</testsuite> <!-- agent.BusinessAddressTest -->
