<?xml version="1.0" encoding="UTF-8"?>
<!-- Generated by org.testng.reporters.JUnitReportReporter -->
<testsuite hostname="YV-Jerry" failures="0" tests="12" name="agent.ResidentialAddressTest" time="25.802" errors="0" timestamp="2022-03-07T12:24:03 WAT" skipped="0">
  <testcase classname="agent.ResidentialAddressTest" name="ValidateResidentialAddressPage" time="9.461"/>
  <system-out/>
  <testcase classname="agent.ResidentialAddressTest" name="EmptyLcaField" time="1.256"/>
  <system-out/>
  <testcase classname="agent.ResidentialAddressTest" name="EmptyLcaField" time="1.071"/>
  <system-out/>
  <testcase classname="agent.ResidentialAddressTest" name="EmptyAddressField" time="0.774"/>
  <system-out/>
  <testcase classname="agent.ResidentialAddressTest" name="EmptyAddressField" time="1.155"/>
  <system-out/>
  <testcase classname="agent.ResidentialAddressTest" name="EmptyLandmarkField" time="0.867"/>
  <system-out/>
  <testcase classname="agent.ResidentialAddressTest" name="EmptyLandmarkField" time="1.567"/>
  <system-out/>
  <testcase classname="agent.ResidentialAddressTest" name="ValidateLcaArrangement" time="2.235"/>
  <system-out/>
  <testcase classname="agent.ResidentialAddressTest" name="ValidatePreviewButton" time="1.089"/>
  <system-out/>
  <testcase classname="agent.ResidentialAddressTest" name="ValidateBackButton" time="1.153"/>
  <system-out/>
  <testcase classname="agent.ResidentialAddressTest" name="ValidateSuccessfulResidentialAddressForm" time="2.599"/>
  <system-out/>
  <testcase classname="agent.ResidentialAddressTest" name="ValidateSuccessfulResidentialAddressForm" time="2.575"/>
  <system-out/>
</testsuite> <!-- agent.ResidentialAddressTest -->
