<?xml version="1.0" encoding="UTF-8"?>
<!-- Generated by org.testng.reporters.JUnitReportReporter -->
<testsuite hostname="YV-Jerry" failures="0" tests="2" name="agent.RegisterAsAnAgent" time="61.623" errors="0" timestamp="2021-12-16T17:47:28 WAT" skipped="0">
  <testcase classname="agent.RegisterAsAnAgent" name="ValidateAcceptConsentForm" time="32.378"/>
  <system-out/>
  <testcase classname="agent.RegisterAsAnAgent" name="ValidateAcceptConsentForm" time="29.245"/>
  <system-out/>
</testsuite> <!-- agent.RegisterAsAnAgent -->
