<?xml version="1.0" encoding="UTF-8"?>
<!-- Generated by org.testng.reporters.JUnitReportReporter -->
<testsuite hostname="YV-Jerry" failures="0" tests="14" name="admin.PermitTest" time="174.968" errors="0" timestamp="2022-02-16T10:18:58 WAT" skipped="0">
  <testcase classname="admin.PermitTest" name="ValidatePermitPage" time="6.194"/>
  <system-out/>
  <testcase classname="admin.PermitTest" name="ValidatePermitListHeader" time="0.106"/>
  <system-out/>
  <testcase classname="admin.PermitTest" name="ValidatePermitArrangement" time="0.365"/>
  <system-out/>
  <testcase classname="admin.PermitTest" name="ValidateStatusDropodownList" time="0.077"/>
  <system-out/>
  <testcase classname="admin.PermitTest" name="ValidateAllStatusFilter" time="9.656"/>
  <system-out/>
  <testcase classname="admin.PermitTest" name="ValidateActiveStatusFilter" time="16.249"/>
  <system-out/>
  <testcase classname="admin.PermitTest" name="ValidateDisabledStatusFilter" time="27.819"/>
  <system-out/>
  <testcase classname="admin.PermitTest" name="ValidateSearchBar" time="34.698"/>
  <system-out/>
  <testcase classname="admin.PermitTest" name="ValidateSearchBar" time="34.704"/>
  <system-out/>
  <testcase classname="admin.PermitTest" name="ValidateSetPermitButton" time="10.214"/>
  <system-out/>
  <testcase classname="admin.PermitTest" name="ValidateActiveStatusButton" time="6.816"/>
  <system-out/>
  <testcase classname="admin.PermitTest" name="ValidateDisabledStatusButton" time="6.492"/>
  <system-out/>
  <testcase classname="admin.PermitTest" name="ValidateStatusButtonResponse" time="19.771"/>
  <system-out/>
  <testcase classname="admin.PermitTest" name="ValidateDuplicatePermitResponse" time="1.807"/>
  <system-out/>
</testsuite> <!-- admin.PermitTest -->
