<?xml version="1.0" encoding="UTF-8"?>
<!-- Generated by org.testng.reporters.JUnitReportReporter -->
<testsuite hostname="YV-Jerry.local" failures="0" tests="12" name="agent.ResidentialAddressTest" time="29.636" errors="0" timestamp="2022-05-13T11:25:34 WAT" skipped="0">
  <testcase classname="agent.ResidentialAddressTest" name="ValidateResidentialAddressPage" time="12.665"/>
  <system-out/>
  <testcase classname="agent.ResidentialAddressTest" name="EmptyLcaField" time="3.135"/>
  <system-out/>
  <testcase classname="agent.ResidentialAddressTest" name="EmptyLcaField" time="1.473"/>
  <system-out/>
  <testcase classname="agent.ResidentialAddressTest" name="EmptyAddressField" time="1.214"/>
  <system-out/>
  <testcase classname="agent.ResidentialAddressTest" name="EmptyAddressField" time="1.061"/>
  <system-out/>
  <testcase classname="agent.ResidentialAddressTest" name="EmptyLandmarkField" time="1.303"/>
  <system-out/>
  <testcase classname="agent.ResidentialAddressTest" name="EmptyLandmarkField" time="0.853"/>
  <system-out/>
  <testcase classname="agent.ResidentialAddressTest" name="ValidateLcaArrangement" time="2.711"/>
  <system-out/>
  <testcase classname="agent.ResidentialAddressTest" name="ValidatePreviewButton" time="0.363"/>
  <system-out/>
  <testcase classname="agent.ResidentialAddressTest" name="ValidateBackButton" time="0.834"/>
  <system-out/>
  <testcase classname="agent.ResidentialAddressTest" name="ValidateSuccessfulResidentialAddressForm" time="1.857"/>
  <system-out/>
  <testcase classname="agent.ResidentialAddressTest" name="ValidateSuccessfulResidentialAddressForm" time="2.167"/>
  <system-out/>
</testsuite> <!-- agent.ResidentialAddressTest -->
