<?xml version="1.0" encoding="UTF-8"?>
<!-- Generated by org.testng.reporters.JUnitReportReporter -->
<testsuite hostname="YV-Jerry" failures="0" tests="7" name="agent.PersonalInformationTest" time="27.905" errors="0" timestamp="2022-02-16T10:18:58 WAT" skipped="0">
  <testcase classname="agent.PersonalInformationTest" name="EmptyCameraUpload" time="9.423"/>
  <system-out/>
  <testcase classname="agent.PersonalInformationTest" name="EmptyFirstNameField" time="10.881"/>
  <system-out/>
  <testcase classname="agent.PersonalInformationTest" name="EmptyLastNameField" time="0.983"/>
  <system-out/>
  <testcase classname="agent.PersonalInformationTest" name="InvalidEmailField" time="0.965"/>
  <system-out/>
  <testcase classname="agent.PersonalInformationTest" name="InvalidPhoneNumberField" time="0.847"/>
  <system-out/>
  <testcase classname="agent.PersonalInformationTest" name="ValidatePreviewButton" time="0.033"/>
  <system-out/>
  <testcase classname="agent.PersonalInformationTest" name="ValidateSuccessfulPersonalInformationForm" time="4.773"/>
  <system-out/>
</testsuite> <!-- agent.PersonalInformationTest -->
