<?xml version="1.0" encoding="UTF-8"?>
<!-- Generated by org.testng.reporters.JUnitReportReporter -->
<testsuite hostname="YV-Jerry" failures="0" tests="28" name="admin.TransactionsTest" time="485.364" errors="0" timestamp="2022-03-02T19:39:31 WAT" skipped="0">
  <testcase classname="admin.TransactionsTest" name="ValidateTransactionsPage" time="7.710"/>
  <system-out/>
  <testcase classname="admin.TransactionsTest" name="ValidateSingleCouponRequestReconcilationAdmin" time="15.536"/>
  <system-out/>
  <testcase classname="admin.TransactionsTest" name="ValidateMultipleCouponRequestReconcilationAdmin" time="11.496"/>
  <system-out/>
  <testcase classname="admin.TransactionsTest" name="ValidateTransactionsListHeader" time="0.127"/>
  <system-out/>
  <testcase classname="admin.TransactionsTest" name="ValidateSearchBar" time="9.471"/>
  <system-out/>
  <testcase classname="admin.TransactionsTest" name="ValidateSearchBar" time="9.459"/>
  <system-out/>
  <testcase classname="admin.TransactionsTest" name="ValidateStatusDropdownList" time="0.129"/>
  <system-out/>
  <testcase classname="admin.TransactionsTest" name="ValidateAllStatusField" time="111.200"/>
  <system-out/>
  <testcase classname="admin.TransactionsTest" name="ValidateInitiatedStatusField" time="36.261"/>
  <system-out/>
  <testcase classname="admin.TransactionsTest" name="ValidateAbandonedStatusField" time="19.885"/>
  <system-out/>
  <testcase classname="admin.TransactionsTest" name="ValidateSuccessStatusField" time="69.307"/>
  <system-out/>
  <testcase classname="admin.TransactionsTest" name="ValidateFailedStatusField" time="18.289"/>
  <system-out/>
  <testcase classname="admin.TransactionsTest" name="ValidateReversedStatusField" time="18.219"/>
  <system-out/>
  <testcase classname="admin.TransactionsTest" name="ValidateDeclinedStatusField" time="18.131"/>
  <system-out/>
  <testcase classname="admin.TransactionsTest" name="ValidateFraudStatusField" time="18.182"/>
  <system-out/>
  <testcase classname="admin.TransactionsTest" name="ValidateInitiatedStatusTransactions" time="29.393"/>
  <system-out/>
  <testcase classname="admin.TransactionsTest" name="ValidateSuccessTransactionPaymentStatus" time="3.663"/>
  <system-out/>
  <testcase classname="admin.TransactionsTest" name="ValidateInitiatedTransactionPaymentStatus" time="3.602"/>
  <system-out/>
  <testcase classname="admin.TransactionsTest" name="ValidateAbandonedTransactionPaymentStatus" time="3.728"/>
  <system-out/>
  <testcase classname="admin.TransactionsTest" name="ValidateCsvExport" time="6.150"/>
  <system-out/>
  <testcase classname="admin.TransactionsTest" name="ValidateCsvExport" time="6.171"/>
  <system-out/>
  <testcase classname="admin.TransactionsTest" name="ValidateCsvExport" time="6.159"/>
  <system-out/>
  <testcase classname="admin.TransactionsTest" name="ValidateCsvExport" time="6.131"/>
  <system-out/>
  <testcase classname="admin.TransactionsTest" name="ValidateCsvExport" time="6.170"/>
  <system-out/>
  <testcase classname="admin.TransactionsTest" name="ValidateCsvExport" time="6.151"/>
  <system-out/>
  <testcase classname="admin.TransactionsTest" name="ValidateCsvExport" time="6.145"/>
  <system-out/>
  <testcase classname="admin.TransactionsTest" name="ValidateCsvExport" time="6.174"/>
  <system-out/>
  <testcase classname="admin.TransactionsTest" name="ValidateTransactionCardResponse" time="32.325"/>
  <system-out/>
</testsuite> <!-- admin.TransactionsTest -->
