<?xml version="1.0" encoding="UTF-8"?>
<!-- Generated by org.testng.reporters.JUnitReportReporter -->
<testsuite hostname="YV-Jerry" failures="0" tests="10" name="agent.GuarantorInformationTest$ResidentialAddressTest" time="42.902" errors="1" timestamp="2022-01-13T14:46:11 WAT" skipped="0">
  <testcase classname="agent.GuarantorInformationTest$ResidentialAddressTest" name="ValidateGuarantorInformationPage" time="11.867"/>
  <system-out/>
  <testcase classname="agent.GuarantorInformationTest$ResidentialAddressTest" name="EmptyFirstNameField" time="1.626"/>
  <system-out/>
  <testcase classname="agent.GuarantorInformationTest$ResidentialAddressTest" name="EmptylastNameField" time="1.238"/>
  <system-out/>
  <testcase classname="agent.GuarantorInformationTest$ResidentialAddressTest" name="EmptyEmailField" time="1.063"/>
  <system-out/>
  <testcase classname="agent.GuarantorInformationTest$ResidentialAddressTest" name="EmptyPhoneNumberField" time="1.862"/>
  <system-out/>
  <testcase classname="agent.GuarantorInformationTest$ResidentialAddressTest" name="InvalidEmailField" time="1.203"/>
  <system-out/>
  <testcase classname="agent.GuarantorInformationTest$ResidentialAddressTest" name="InvalidPhoneNumberField" time="1.501"/>
  <system-out/>
  <testcase classname="agent.GuarantorInformationTest$ResidentialAddressTest" name="ValidatePreviewButton" time="0.993"/>
  <system-out/>
  <testcase classname="agent.GuarantorInformationTest$ResidentialAddressTest" name="ValidateBackButton" time="4.056"/>
  <system-out/>
  <testcase classname="agent.GuarantorInformationTest$ResidentialAddressTest" name="SuccessfulGuarantorForm" time="17.493">
    <error message="Expected condition failed: waiting for element to be clickable: By.xpath: //button[text()=&#039; Proceed to Payment &#039;] (tried for 10 second(s) with 500 milliseconds interval)
Build info: version: &#039;4.1.1&#039;, revision: &#039;e8fcc2cecf&#039;
System info: host: &#039;YV-Jerry&#039;, ip: &#039;fe80:0:0:0:1c14:bfd5:cd71:536d%en0&#039;, os.name: &#039;Mac OS X&#039;, os.arch: &#039;x86_64&#039;, os.version: &#039;11.0&#039;, java.version: &#039;16.0.2&#039;
Driver info: org.openqa.selenium.chrome.ChromeDriver
Capabilities {acceptInsecureCerts: false, browserName: chrome, browserVersion: 97.0.4692.71, chrome: {chromedriverVersion: 96.0.4664.45 (76e4c1bb2ab46..., userDataDir: /var/folders/8c/dvnzzls14cz...}, goog:chromeOptions: {debuggerAddress: localhost:55782}, javascriptEnabled: true, networkConnectionEnabled: false, pageLoadStrategy: normal, platform: MAC, platformName: MAC, proxy: Proxy(), se:cdp: ws://localhost:55782/devtoo..., se:cdpVersion: 97.0.4692.71, setWindowRect: true, strictFileInteractability: false, timeouts: {implicit: 0, pageLoad: 300000, script: 30000}, unhandledPromptBehavior: dismiss and notify, webauthn:extension:credBlob: true, webauthn:extension:largeBlob: true, webauthn:virtualAuthenticators: true}
Session ID: 4e86e3a68842f03ce26f85962454a492" type="org.openqa.selenium.TimeoutException">
      <![CDATA[org.openqa.selenium.TimeoutException: Expected condition failed: waiting for element to be clickable: By.xpath: //button[text()=' Proceed to Payment '] (tried for 10 second(s) with 500 milliseconds interval)
Build info: version: '4.1.1', revision: 'e8fcc2cecf'
System info: host: 'YV-Jerry', ip: 'fe80:0:0:0:1c14:bfd5:cd71:536d%en0', os.name: 'Mac OS X', os.arch: 'x86_64', os.version: '11.0', java.version: '16.0.2'
Driver info: org.openqa.selenium.chrome.ChromeDriver
Capabilities {acceptInsecureCerts: false, browserName: chrome, browserVersion: 97.0.4692.71, chrome: {chromedriverVersion: 96.0.4664.45 (76e4c1bb2ab46..., userDataDir: /var/folders/8c/dvnzzls14cz...}, goog:chromeOptions: {debuggerAddress: localhost:55782}, javascriptEnabled: true, networkConnectionEnabled: false, pageLoadStrategy: normal, platform: MAC, platformName: MAC, proxy: Proxy(), se:cdp: ws://localhost:55782/devtoo..., se:cdpVersion: 97.0.4692.71, setWindowRect: true, strictFileInteractability: false, timeouts: {implicit: 0, pageLoad: 300000, script: 30000}, unhandledPromptBehavior: dismiss and notify, webauthn:extension:credBlob: true, webauthn:extension:largeBlob: true, webauthn:virtualAuthenticators: true}
Session ID: 4e86e3a68842f03ce26f85962454a492
at org.openqa.selenium.support.ui.WebDriverWait.timeoutException(WebDriverWait.java:138)
at org.openqa.selenium.support.ui.FluentWait.until(FluentWait.java:231)
at pageObject.agent.FormPreview.getproceedButton(FormPreview.java:70)
at agent.GuarantorInformationTest$ResidentialAddressTest.SuccessfulGuarantorForm(GuarantorInformationTest.java:194)
at java.base/jdk.internal.reflect.NativeMethodAccessorImpl.invoke0(Native Method)
at java.base/jdk.internal.reflect.NativeMethodAccessorImpl.invoke(NativeMethodAccessorImpl.java:78)
at java.base/jdk.internal.reflect.DelegatingMethodAccessorImpl.invoke(DelegatingMethodAccessorImpl.java:43)
at java.base/java.lang.reflect.Method.invoke(Method.java:567)
at org.testng.internal.MethodInvocationHelper.invokeMethod(MethodInvocationHelper.java:133)
at org.testng.internal.TestInvoker.invokeMethod(TestInvoker.java:598)
at org.testng.internal.TestInvoker.invokeTestMethod(TestInvoker.java:173)
at org.testng.internal.MethodRunner.runInSequence(MethodRunner.java:46)
at org.testng.internal.TestInvoker$MethodInvocationAgent.invoke(TestInvoker.java:824)
at org.testng.internal.TestInvoker.invokeTestMethods(TestInvoker.java:146)
at org.testng.internal.TestMethodWorker.invokeTestMethods(TestMethodWorker.java:146)
at org.testng.internal.TestMethodWorker.run(TestMethodWorker.java:128)
at java.base/java.util.ArrayList.forEach(ArrayList.java:1511)
at org.testng.TestRunner.privateRun(TestRunner.java:794)
at org.testng.TestRunner.run(TestRunner.java:596)
at org.testng.SuiteRunner.runTest(SuiteRunner.java:377)
at org.testng.SuiteRunner.runSequentially(SuiteRunner.java:371)
at org.testng.SuiteRunner.privateRun(SuiteRunner.java:332)
at org.testng.SuiteRunner.run(SuiteRunner.java:276)
at org.testng.SuiteRunnerWorker.runSuite(SuiteRunnerWorker.java:53)
at org.testng.SuiteRunnerWorker.run(SuiteRunnerWorker.java:96)
at org.testng.TestNG.runSuitesSequentially(TestNG.java:1212)
at org.testng.TestNG.runSuitesLocally(TestNG.java:1134)
at org.testng.TestNG.runSuites(TestNG.java:1063)
at org.testng.TestNG.run(TestNG.java:1031)
at org.testng.remote.AbstractRemoteTestNG.run(AbstractRemoteTestNG.java:115)
at org.testng.remote.RemoteTestNG.initAndRun(RemoteTestNG.java:251)
at org.testng.remote.RemoteTestNG.main(RemoteTestNG.java:77)
]]>
    </error>
  </testcase> <!-- SuccessfulGuarantorForm -->
  <system-out/>
</testsuite> <!-- agent.GuarantorInformationTest$ResidentialAddressTest -->
