<?xml version="1.0" encoding="UTF-8"?>
<!-- Generated by org.testng.reporters.JUnitReportReporter -->
<testsuite hostname="YV-Jerry.local" failures="0" tests="10" name="agent.GuarantorInformationTest" time="33.091" errors="0" timestamp="2022-09-10T23:24:25 WAT" skipped="0">
  <testcase classname="agent.GuarantorInformationTest" name="ValidateGuarantorInformationPage" time="18.288"/>
  <system-out/>
  <testcase classname="agent.GuarantorInformationTest" name="EmptyFirstNameField" time="2.032"/>
  <system-out/>
  <testcase classname="agent.GuarantorInformationTest" name="EmptylastNameField" time="1.168"/>
  <system-out/>
  <testcase classname="agent.GuarantorInformationTest" name="EmptyEmailField" time="1.337"/>
  <system-out/>
  <testcase classname="agent.GuarantorInformationTest" name="EmptyPhoneNumberField" time="0.992"/>
  <system-out/>
  <testcase classname="agent.GuarantorInformationTest" name="InvalidEmailField" time="1.311"/>
  <system-out/>
  <testcase classname="agent.GuarantorInformationTest" name="InvalidPhoneNumberField" time="1.274"/>
  <system-out/>
  <testcase classname="agent.GuarantorInformationTest" name="ValidatePreviewButton" time="1.445"/>
  <system-out/>
  <testcase classname="agent.GuarantorInformationTest" name="ValidateBackButton" time="1.882"/>
  <system-out/>
  <testcase classname="agent.GuarantorInformationTest" name="SuccessfulGuarantorForm" time="3.362"/>
  <system-out/>
</testsuite> <!-- agent.GuarantorInformationTest -->
