<?xml version="1.0" encoding="UTF-8"?>
<!-- Generated by org.testng.reporters.JUnitReportReporter -->
<testsuite hostname="YV-Jerry.local" failures="0" tests="28" name="admin.TransactionsTest" time="502.993" errors="0" timestamp="2022-05-13T11:25:34 WAT" skipped="0">
  <testcase classname="admin.TransactionsTest" name="ValidateTransactionsPage" time="12.138"/>
  <system-out/>
  <testcase classname="admin.TransactionsTest" name="ValidateSingleCouponRequestReconcilationAdmin" time="16.318"/>
  <system-out/>
  <testcase classname="admin.TransactionsTest" name="ValidateMultipleCouponRequestReconcilationAdmin" time="10.251"/>
  <system-out/>
  <testcase classname="admin.TransactionsTest" name="ValidateTransactionsListHeader" time="0.114"/>
  <system-out/>
  <testcase classname="admin.TransactionsTest" name="ValidateSearchBar" time="9.465"/>
  <system-out/>
  <testcase classname="admin.TransactionsTest" name="ValidateSearchBar" time="9.416"/>
  <system-out/>
  <testcase classname="admin.TransactionsTest" name="ValidateStatusDropdownList" time="0.107"/>
  <system-out/>
  <testcase classname="admin.TransactionsTest" name="ValidateAllStatusField" time="125.843"/>
  <system-out/>
  <testcase classname="admin.TransactionsTest" name="ValidateInitiatedStatusField" time="32.788"/>
  <system-out/>
  <testcase classname="admin.TransactionsTest" name="ValidateAbandonedStatusField" time="23.001"/>
  <system-out/>
  <testcase classname="admin.TransactionsTest" name="ValidateSuccessStatusField" time="79.921"/>
  <system-out/>
  <testcase classname="admin.TransactionsTest" name="ValidateFailedStatusField" time="18.304"/>
  <system-out/>
  <testcase classname="admin.TransactionsTest" name="ValidateReversedStatusField" time="18.151"/>
  <system-out/>
  <testcase classname="admin.TransactionsTest" name="ValidateDeclinedStatusField" time="18.179"/>
  <system-out/>
  <testcase classname="admin.TransactionsTest" name="ValidateFraudStatusField" time="18.109"/>
  <system-out/>
  <testcase classname="admin.TransactionsTest" name="ValidateInitiatedStatusTransactions" time="26.064"/>
  <system-out/>
  <testcase classname="admin.TransactionsTest" name="ValidateSuccessTransactionPaymentStatus" time="3.635"/>
  <system-out/>
  <testcase classname="admin.TransactionsTest" name="ValidateInitiatedTransactionPaymentStatus" time="3.630"/>
  <system-out/>
  <testcase classname="admin.TransactionsTest" name="ValidateAbandonedTransactionPaymentStatus" time="3.643"/>
  <system-out/>
  <testcase classname="admin.TransactionsTest" name="ValidateCsvExport" time="6.124"/>
  <system-out/>
  <testcase classname="admin.TransactionsTest" name="ValidateCsvExport" time="6.124"/>
  <system-out/>
  <testcase classname="admin.TransactionsTest" name="ValidateCsvExport" time="6.145"/>
  <system-out/>
  <testcase classname="admin.TransactionsTest" name="ValidateCsvExport" time="6.142"/>
  <system-out/>
  <testcase classname="admin.TransactionsTest" name="ValidateCsvExport" time="6.139"/>
  <system-out/>
  <testcase classname="admin.TransactionsTest" name="ValidateCsvExport" time="6.146"/>
  <system-out/>
  <testcase classname="admin.TransactionsTest" name="ValidateCsvExport" time="6.138"/>
  <system-out/>
  <testcase classname="admin.TransactionsTest" name="ValidateCsvExport" time="6.130"/>
  <system-out/>
  <testcase classname="admin.TransactionsTest" name="ValidateTransactionCardResponse" time="24.828"/>
  <system-out/>
</testsuite> <!-- admin.TransactionsTest -->
