<?xml version="1.0" encoding="UTF-8"?>
<!-- Generated by org.testng.reporters.JUnitReportReporter -->
<testsuite hostname="YV-Jerry.local" failures="0" tests="9" name="admin.AdminLoginTest" time="24.940" errors="0" timestamp="2022-09-10T23:24:25 WAT" skipped="0">
  <testcase classname="admin.AdminLoginTest" name="EmptyEmailAddressField" time="0.162"/>
  <system-out/>
  <testcase classname="admin.AdminLoginTest" name="InvalidEmailAddressNotFound" time="4.275"/>
  <system-out/>
  <testcase classname="admin.AdminLoginTest" name="InvalidEmailAddressNotFound" time="7.306"/>
  <system-out/>
  <testcase classname="admin.AdminLoginTest" name="InvalidEmailAddressFormat" time="0.217"/>
  <system-out/>
  <testcase classname="admin.AdminLoginTest" name="InvalidEmailAddressFormat" time="0.097"/>
  <system-out/>
  <testcase classname="admin.AdminLoginTest" name="ValidEmailAddress" time="4.710"/>
  <system-out/>
  <testcase classname="admin.AdminLoginTest" name="ValidateBackButton" time="0.688"/>
  <system-out/>
  <testcase classname="admin.AdminLoginTest" name="ValidateSuccessfulAdminLogin" time="6.046"/>
  <system-out/>
  <testcase classname="admin.AdminLoginTest" name="ValidateLogout" time="1.439"/>
  <system-out/>
</testsuite> <!-- admin.AdminLoginTest -->
