<?xml version="1.0" encoding="UTF-8"?>
<!-- Generated by org.testng.reporters.JUnitReportReporter -->
<testsuite hostname="YV-Jerry" failures="0" tests="1" name="admin.Test1" time="0.065" errors="0" timestamp="2022-02-23T14:55:20 WAT" skipped="0">
  <testcase classname="admin.Test1" name="sjfie" time="0.065"/>
  <system-out/>
</testsuite> <!-- admin.Test1 -->
