<?xml version="1.0" encoding="UTF-8"?>
<!-- Generated by org.testng.reporters.JUnitReportReporter -->
<testsuite hostname="YV-Jerry" failures="0" tests="12" name="agent.ResidentialAddressTest" time="23.198" errors="0" timestamp="2022-02-16T10:18:58 WAT" skipped="0">
  <testcase classname="agent.ResidentialAddressTest" name="ValidateResidentialAddressPage" time="9.073"/>
  <system-out/>
  <testcase classname="agent.ResidentialAddressTest" name="EmptyLcaField" time="1.325"/>
  <system-out/>
  <testcase classname="agent.ResidentialAddressTest" name="EmptyLcaField" time="1.258"/>
  <system-out/>
  <testcase classname="agent.ResidentialAddressTest" name="EmptyAddressField" time="0.921"/>
  <system-out/>
  <testcase classname="agent.ResidentialAddressTest" name="EmptyAddressField" time="1.006"/>
  <system-out/>
  <testcase classname="agent.ResidentialAddressTest" name="EmptyLandmarkField" time="1.132"/>
  <system-out/>
  <testcase classname="agent.ResidentialAddressTest" name="EmptyLandmarkField" time="1.369"/>
  <system-out/>
  <testcase classname="agent.ResidentialAddressTest" name="ValidateLcaArrangement" time="1.615"/>
  <system-out/>
  <testcase classname="agent.ResidentialAddressTest" name="ValidatePreviewButton" time="1.136"/>
  <system-out/>
  <testcase classname="agent.ResidentialAddressTest" name="ValidateBackButton" time="0.698"/>
  <system-out/>
  <testcase classname="agent.ResidentialAddressTest" name="ValidateSuccessfulResidentialAddressForm" time="1.950"/>
  <system-out/>
  <testcase classname="agent.ResidentialAddressTest" name="ValidateSuccessfulResidentialAddressForm" time="1.715"/>
  <system-out/>
</testsuite> <!-- agent.ResidentialAddressTest -->
