<?xml version="1.0" encoding="UTF-8"?>
<!-- Generated by org.testng.reporters.JUnitReportReporter -->
<testsuite hostname="YV-Jerry" failures="0" tests="18" name="admin.CompaniesTest" time="87.617" errors="0" timestamp="2022-03-07T12:24:03 WAT" skipped="0">
  <testcase classname="admin.CompaniesTest" name="ValidateExistingEmailInvite" time="3.831"/>
  <system-out/>
  <testcase classname="admin.CompaniesTest" name="ValidateCompaniesPage" time="7.396"/>
  <system-out/>
  <testcase classname="admin.CompaniesTest" name="ValidateCompaniesListHeader" time="0.168"/>
  <system-out/>
  <testcase classname="admin.CompaniesTest" name="ValidateInviteCompanyButton" time="3.619"/>
  <system-out/>
  <testcase classname="admin.CompaniesTest" name="EmptyBusinessCategoryField" time="2.028"/>
  <system-out/>
  <testcase classname="admin.CompaniesTest" name="EmptyEmailField" time="1.070"/>
  <system-out/>
  <testcase classname="admin.CompaniesTest" name="InvalidEmailFormat" time="0.944"/>
  <system-out/>
  <testcase classname="admin.CompaniesTest" name="InvalidEmailFormat" time="0.874"/>
  <system-out/>
  <testcase classname="admin.CompaniesTest" name="EmptyBusinessNameField" time="0.889"/>
  <system-out/>
  <testcase classname="admin.CompaniesTest" name="EmptyTradeNameField" time="1.020"/>
  <system-out/>
  <testcase classname="admin.CompaniesTest" name="EmptyAdminFirstNameField" time="1.074"/>
  <system-out/>
  <testcase classname="admin.CompaniesTest" name="EmptyAdminLastNameField" time="0.868"/>
  <system-out/>
  <testcase classname="admin.CompaniesTest" name="EmptyPhoneNumberField" time="3.836"/>
  <system-out/>
  <testcase classname="admin.CompaniesTest" name="InvalidPhoneNumberFormat" time="3.559"/>
  <system-out/>
  <testcase classname="admin.CompaniesTest" name="InvalidPhoneNumberFormat" time="3.589"/>
  <system-out/>
  <testcase classname="admin.CompaniesTest" name="SuccessfulCompanyInvite" time="21.881"/>
  <system-out/>
  <testcase classname="admin.CompaniesTest" name="ValidateInvitedCompanyStatus" time="30.421"/>
  <system-out/>
  <testcase classname="admin.CompaniesTest" name="ValidateActiveCompanyStatus" time="0.550"/>
  <system-out/>
</testsuite> <!-- admin.CompaniesTest -->
