<?xml version="1.0" encoding="UTF-8"?>
<!-- Generated by org.testng.reporters.JUnitReportReporter -->
<testsuite hostname="YV-Jerry" failures="0" tests="3" name="admin.ProfileTest" time="7.524" errors="0" timestamp="2022-02-25T14:09:25 WAT" skipped="0">
  <testcase classname="admin.ProfileTest" name="ValidateProfilePage" time="6.262"/>
  <system-out/>
  <testcase classname="admin.ProfileTest" name="InvalidPhoneNumberFormat" time="0.985"/>
  <system-out/>
  <testcase classname="admin.ProfileTest" name="InvalidPhoneNumberFormat" time="0.277"/>
  <system-out/>
</testsuite> <!-- admin.ProfileTest -->
