<?xml version="1.0" encoding="UTF-8"?>
<!-- Generated by org.testng.reporters.JUnitReportReporter -->
<testsuite hostname="YV-Jerry" failures="0" tests="1" name="admin.Test3" time="0.062" errors="0" timestamp="2022-02-01T11:31:24 WAT" skipped="0">
  <testcase classname="admin.Test3" name="ball" time="0.062"/>
  <system-out/>
</testsuite> <!-- admin.Test3 -->
