<?xml version="1.0" encoding="UTF-8"?>
<!-- Generated by org.testng.reporters.JUnitReportReporter -->
<testsuite hostname="YV-Jerry.local" failures="0" tests="18" name="admin.CompaniesTest" time="104.794" errors="0" timestamp="2022-06-02T16:21:56 WAT" skipped="0">
  <testcase classname="admin.CompaniesTest" name="ValidateExistingEmailInvite" time="2.244"/>
  <system-out/>
  <testcase classname="admin.CompaniesTest" name="ValidateCompaniesPage" time="11.060"/>
  <system-out/>
  <testcase classname="admin.CompaniesTest" name="ValidateCompaniesListHeader" time="0.542"/>
  <system-out/>
  <testcase classname="admin.CompaniesTest" name="ValidateInviteCompanyButton" time="1.800"/>
  <system-out/>
  <testcase classname="admin.CompaniesTest" name="EmptyBusinessCategoryField" time="4.226"/>
  <system-out/>
  <testcase classname="admin.CompaniesTest" name="EmptyEmailField" time="1.926"/>
  <system-out/>
  <testcase classname="admin.CompaniesTest" name="InvalidEmailFormat" time="1.493"/>
  <system-out/>
  <testcase classname="admin.CompaniesTest" name="InvalidEmailFormat" time="1.568"/>
  <system-out/>
  <testcase classname="admin.CompaniesTest" name="EmptyBusinessNameField" time="1.502"/>
  <system-out/>
  <testcase classname="admin.CompaniesTest" name="EmptyTradeNameField" time="1.553"/>
  <system-out/>
  <testcase classname="admin.CompaniesTest" name="EmptyAdminFirstNameField" time="1.741"/>
  <system-out/>
  <testcase classname="admin.CompaniesTest" name="EmptyAdminLastNameField" time="1.416"/>
  <system-out/>
  <testcase classname="admin.CompaniesTest" name="EmptyPhoneNumberField" time="1.486"/>
  <system-out/>
  <testcase classname="admin.CompaniesTest" name="InvalidPhoneNumberFormat" time="1.290"/>
  <system-out/>
  <testcase classname="admin.CompaniesTest" name="InvalidPhoneNumberFormat" time="1.310"/>
  <system-out/>
  <testcase classname="admin.CompaniesTest" name="SuccessfulCompanyInvite" time="21.389"/>
  <system-out/>
  <testcase classname="admin.CompaniesTest" name="ValidateInvitedCompanyStatus" time="47.920"/>
  <system-out/>
  <testcase classname="admin.CompaniesTest" name="ValidateActiveCompanyStatus" time="0.328"/>
  <system-out/>
</testsuite> <!-- admin.CompaniesTest -->
