<?xml version="1.0" encoding="UTF-8"?>
<!-- Generated by org.testng.reporters.JUnitReportReporter -->
<testsuite hostname="YV-Jerry.local" failures="0" tests="10" name="agent.GuarantorInformationTest" time="25.323" errors="0" timestamp="2022-05-13T11:25:34 WAT" skipped="0">
  <testcase classname="agent.GuarantorInformationTest" name="ValidateGuarantorInformationPage" time="13.191"/>
  <system-out/>
  <testcase classname="agent.GuarantorInformationTest" name="EmptyFirstNameField" time="1.425"/>
  <system-out/>
  <testcase classname="agent.GuarantorInformationTest" name="EmptylastNameField" time="0.875"/>
  <system-out/>
  <testcase classname="agent.GuarantorInformationTest" name="EmptyEmailField" time="2.379"/>
  <system-out/>
  <testcase classname="agent.GuarantorInformationTest" name="EmptyPhoneNumberField" time="0.685"/>
  <system-out/>
  <testcase classname="agent.GuarantorInformationTest" name="InvalidEmailField" time="1.195"/>
  <system-out/>
  <testcase classname="agent.GuarantorInformationTest" name="InvalidPhoneNumberField" time="0.855"/>
  <system-out/>
  <testcase classname="agent.GuarantorInformationTest" name="ValidatePreviewButton" time="0.885"/>
  <system-out/>
  <testcase classname="agent.GuarantorInformationTest" name="ValidateBackButton" time="1.266"/>
  <system-out/>
  <testcase classname="agent.GuarantorInformationTest" name="SuccessfulGuarantorForm" time="2.567"/>
  <system-out/>
</testsuite> <!-- agent.GuarantorInformationTest -->
