<?xml version="1.0" encoding="UTF-8"?>
<!-- Generated by org.testng.reporters.JUnitReportReporter -->
<testsuite hostname="YV-Jerry" failures="0" tests="10" name="agent.GuarantorInformationTest" time="35.078" errors="1" timestamp="2022-03-07T12:24:03 WAT" skipped="0">
  <testcase classname="agent.GuarantorInformationTest" name="ValidateGuarantorInformationPage" time="9.218"/>
  <system-out/>
  <testcase classname="agent.GuarantorInformationTest" name="EmptyFirstNameField" time="0.989"/>
  <system-out/>
  <testcase classname="agent.GuarantorInformationTest" name="EmptylastNameField" time="0.700"/>
  <system-out/>
  <testcase classname="agent.GuarantorInformationTest" name="EmptyEmailField" time="1.544"/>
  <system-out/>
  <testcase classname="agent.GuarantorInformationTest" name="EmptyPhoneNumberField" time="1.996"/>
  <system-out/>
  <testcase classname="agent.GuarantorInformationTest" name="InvalidEmailField" time="1.103"/>
  <system-out/>
  <testcase classname="agent.GuarantorInformationTest" name="InvalidPhoneNumberField" time="1.200"/>
  <system-out/>
  <testcase classname="agent.GuarantorInformationTest" name="ValidatePreviewButton" time="0.588"/>
  <system-out/>
  <testcase classname="agent.GuarantorInformationTest" name="ValidateBackButton" time="1.145"/>
  <system-out/>
  <testcase classname="agent.GuarantorInformationTest" name="SuccessfulGuarantorForm" time="16.595">
    <error message="Expected condition failed: waiting for element to be clickable: By.xpath: //button[text()=&#039; Proceed to Payment &#039;] (tried for 10 second(s) with 500 milliseconds interval)
Build info: version: &#039;4.1.2&#039;, revision: &#039;9a5a329c5a&#039;
System info: host: &#039;YV-Jerry&#039;, ip: &#039;fe80:0:0:0:4e5:8dee:67cc:a813%en0&#039;, os.name: &#039;Mac OS X&#039;, os.arch: &#039;x86_64&#039;, os.version: &#039;11.0&#039;, java.version: &#039;16.0.2&#039;
Driver info: org.openqa.selenium.chrome.ChromeDriver
Capabilities {acceptInsecureCerts: false, browserName: chrome, browserVersion: 99.0.4844.51, chrome: {chromedriverVersion: 99.0.4844.51 (d537ec02474b5..., userDataDir: /var/folders/8c/dvnzzls14cz...}, goog:chromeOptions: {debuggerAddress: localhost:61440}, javascriptEnabled: true, networkConnectionEnabled: false, pageLoadStrategy: normal, platform: MAC, platformName: MAC, proxy: Proxy(), se:cdp: ws://localhost:61440/devtoo..., se:cdpVersion: 99.0.4844.51, setWindowRect: true, strictFileInteractability: false, timeouts: {implicit: 0, pageLoad: 300000, script: 30000}, unhandledPromptBehavior: dismiss and notify, webauthn:extension:credBlob: true, webauthn:extension:largeBlob: true, webauthn:virtualAuthenticators: true}
Session ID: d11e8c9bcb3cb922d45c2d132a03626d" type="org.openqa.selenium.TimeoutException">
      <![CDATA[org.openqa.selenium.TimeoutException: Expected condition failed: waiting for element to be clickable: By.xpath: //button[text()=' Proceed to Payment '] (tried for 10 second(s) with 500 milliseconds interval)
Build info: version: '4.1.2', revision: '9a5a329c5a'
System info: host: 'YV-Jerry', ip: 'fe80:0:0:0:4e5:8dee:67cc:a813%en0', os.name: 'Mac OS X', os.arch: 'x86_64', os.version: '11.0', java.version: '16.0.2'
Driver info: org.openqa.selenium.chrome.ChromeDriver
Capabilities {acceptInsecureCerts: false, browserName: chrome, browserVersion: 99.0.4844.51, chrome: {chromedriverVersion: 99.0.4844.51 (d537ec02474b5..., userDataDir: /var/folders/8c/dvnzzls14cz...}, goog:chromeOptions: {debuggerAddress: localhost:61440}, javascriptEnabled: true, networkConnectionEnabled: false, pageLoadStrategy: normal, platform: MAC, platformName: MAC, proxy: Proxy(), se:cdp: ws://localhost:61440/devtoo..., se:cdpVersion: 99.0.4844.51, setWindowRect: true, strictFileInteractability: false, timeouts: {implicit: 0, pageLoad: 300000, script: 30000}, unhandledPromptBehavior: dismiss and notify, webauthn:extension:credBlob: true, webauthn:extension:largeBlob: true, webauthn:virtualAuthenticators: true}
Session ID: d11e8c9bcb3cb922d45c2d132a03626d
at org.openqa.selenium.support.ui.WebDriverWait.timeoutException(WebDriverWait.java:138)
at org.openqa.selenium.support.ui.FluentWait.until(FluentWait.java:231)
at pageObject.agent.FormPreview.getproceedButton(FormPreview.java:70)
at agent.GuarantorInformationTest.SuccessfulGuarantorForm(GuarantorInformationTest.java:192)
at java.base/jdk.internal.reflect.NativeMethodAccessorImpl.invoke0(Native Method)
at java.base/jdk.internal.reflect.NativeMethodAccessorImpl.invoke(NativeMethodAccessorImpl.java:78)
at java.base/jdk.internal.reflect.DelegatingMethodAccessorImpl.invoke(DelegatingMethodAccessorImpl.java:43)
at java.base/java.lang.reflect.Method.invoke(Method.java:567)
at org.testng.internal.MethodInvocationHelper.invokeMethod(MethodInvocationHelper.java:133)
at org.testng.internal.TestInvoker.invokeMethod(TestInvoker.java:598)
at org.testng.internal.TestInvoker.invokeTestMethod(TestInvoker.java:173)
at org.testng.internal.MethodRunner.runInSequence(MethodRunner.java:46)
at org.testng.internal.TestInvoker$MethodInvocationAgent.invoke(TestInvoker.java:824)
at org.testng.internal.TestInvoker.invokeTestMethods(TestInvoker.java:146)
at org.testng.internal.TestMethodWorker.invokeTestMethods(TestMethodWorker.java:146)
at org.testng.internal.TestMethodWorker.run(TestMethodWorker.java:128)
at java.base/java.util.ArrayList.forEach(ArrayList.java:1511)
at org.testng.TestRunner.privateRun(TestRunner.java:794)
at org.testng.TestRunner.run(TestRunner.java:596)
at org.testng.SuiteRunner.runTest(SuiteRunner.java:377)
at org.testng.SuiteRunner.runSequentially(SuiteRunner.java:371)
at org.testng.SuiteRunner.privateRun(SuiteRunner.java:332)
at org.testng.SuiteRunner.run(SuiteRunner.java:276)
at org.testng.SuiteRunnerWorker.runSuite(SuiteRunnerWorker.java:53)
at org.testng.SuiteRunnerWorker.run(SuiteRunnerWorker.java:96)
at org.testng.TestNG.runSuitesSequentially(TestNG.java:1212)
at org.testng.TestNG.runSuitesLocally(TestNG.java:1134)
at org.testng.TestNG.runSuites(TestNG.java:1063)
at org.testng.TestNG.run(TestNG.java:1031)
at org.testng.remote.AbstractRemoteTestNG.run(AbstractRemoteTestNG.java:115)
at org.testng.remote.RemoteTestNG.initAndRun(RemoteTestNG.java:251)
at org.testng.remote.RemoteTestNG.main(RemoteTestNG.java:77)
]]>
    </error>
  </testcase> <!-- SuccessfulGuarantorForm -->
  <system-out/>
</testsuite> <!-- agent.GuarantorInformationTest -->
