<?xml version="1.0" encoding="UTF-8"?>
<!-- Generated by org.testng.reporters.JUnitReportReporter -->
<testsuite hostname="YV-Jerry.local" failures="0" tests="12" name="agent.BusinessAddressTest" time="30.663" errors="0" timestamp="2022-05-13T11:25:34 WAT" skipped="0">
  <testcase classname="agent.BusinessAddressTest" name="ValidateBusinessAddressPage" time="13.533"/>
  <system-out/>
  <testcase classname="agent.BusinessAddressTest" name="EmptyLcaField" time="1.428"/>
  <system-out/>
  <testcase classname="agent.BusinessAddressTest" name="EmptyLcaField" time="1.694"/>
  <system-out/>
  <testcase classname="agent.BusinessAddressTest" name="EmptyAddressField" time="2.064"/>
  <system-out/>
  <testcase classname="agent.BusinessAddressTest" name="EmptyAddressField" time="1.459"/>
  <system-out/>
  <testcase classname="agent.BusinessAddressTest" name="EmptyLandmarkField" time="1.662"/>
  <system-out/>
  <testcase classname="agent.BusinessAddressTest" name="EmptyLandmarkField" time="0.905"/>
  <system-out/>
  <testcase classname="agent.BusinessAddressTest" name="ValidateLcaArrangement" time="3.190"/>
  <system-out/>
  <testcase classname="agent.BusinessAddressTest" name="ValidatePreviewButton" time="0.593"/>
  <system-out/>
  <testcase classname="agent.BusinessAddressTest" name="ValidateBackButton" time="0.928"/>
  <system-out/>
  <testcase classname="agent.BusinessAddressTest" name="ValidateSuccessfulBusinessAddressForm" time="1.861"/>
  <system-out/>
  <testcase classname="agent.BusinessAddressTest" name="ValidateSuccessfulBusinessAddressForm" time="1.346"/>
  <system-out/>
</testsuite> <!-- agent.BusinessAddressTest -->
