<?xml version="1.0" encoding="UTF-8"?>
<!-- Generated by org.testng.reporters.JUnitReportReporter -->
<testsuite hostname="YV-Jerry.local" failures="0" tests="14" name="admin.PrintLicenseIdTest" time="177.642" errors="0" timestamp="2022-05-13T11:25:34 WAT" skipped="0">
  <testcase classname="admin.PrintLicenseIdTest" name="ValidatePrintLicenseIdPage" time="9.307"/>
  <system-out/>
  <testcase classname="admin.PrintLicenseIdTest" name="ValidatePageTabs" time="0.057"/>
  <system-out/>
  <testcase classname="admin.PrintLicenseIdTest" name="ValidatePendingIdListHeader" time="0.184"/>
  <system-out/>
  <testcase classname="admin.PrintLicenseIdTest" name="ValidatePreviouslyPrintedIdListHeader" time="2.940"/>
  <system-out/>
  <testcase classname="admin.PrintLicenseIdTest" name="ValidatePendingAgentStatus" time="0.991"/>
  <system-out/>
  <testcase classname="admin.PrintLicenseIdTest" name="ValidatePrintedAgentStatus" time="1.086"/>
  <system-out/>
  <testcase classname="admin.PrintLicenseIdTest" name="ValidatePrintIdButtonPending" time="1.144"/>
  <system-out/>
  <testcase classname="admin.PrintLicenseIdTest" name="ValidatePrintIdButtonPrinted" time="1.431"/>
  <system-out/>
  <testcase classname="admin.PrintLicenseIdTest" name="ValidatePrintIdButtonResponsePending" time="19.159"/>
  <system-out/>
  <testcase classname="admin.PrintLicenseIdTest" name="ValidateBulkPrintButtonPending" time="45.182"/>
  <system-out/>
  <testcase classname="admin.PrintLicenseIdTest" name="ValidateBulkPrintButtonPrinted" time="2.094"/>
  <system-out/>
  <testcase classname="admin.PrintLicenseIdTest" name="ValidateSelectAllCheckboxPending" time="46.214"/>
  <system-out/>
  <testcase classname="admin.PrintLicenseIdTest" name="ValidateSelectAllCheckboxPrinted" time="1.625"/>
  <system-out/>
  <testcase classname="admin.PrintLicenseIdTest" name="ValidateAllPendingIdPrint" time="46.228"/>
  <system-out/>
</testsuite> <!-- admin.PrintLicenseIdTest -->
