<?xml version="1.0" encoding="UTF-8"?>
<!-- Generated by org.testng.reporters.JUnitReportReporter -->
<testsuite hostname="YV-Jerry" failures="0" tests="11" name="agent.HomePageTest" time="14.056" errors="0" timestamp="2022-03-07T12:24:03 WAT" skipped="0">
  <testcase classname="agent.HomePageTest" name="ValidateAgentLoginLink" time="0.935"/>
  <system-out/>
  <testcase classname="agent.HomePageTest" name="ValidateRegistrationButton" time="6.076"/>
  <system-out/>
  <testcase classname="agent.HomePageTest" name="ValidateChatBot" time="1.446"/>
  <system-out/>
  <testcase classname="agent.HomePageTest" name="InvalidChatRequestNoName" time="1.174"/>
  <system-out/>
  <testcase classname="agent.HomePageTest" name="InvalidChatRequestNoEmail" time="0.879"/>
  <system-out/>
  <testcase classname="agent.HomePageTest" name="InvalidChatRequestNoMessage" time="0.392"/>
  <system-out/>
  <testcase classname="agent.HomePageTest" name="InvalidChatRequestInvalidEmail" time="0.453"/>
  <system-out/>
  <testcase classname="agent.HomePageTest" name="InvalidChatRequestInvalidEmail" time="0.509"/>
  <system-out/>
  <testcase classname="agent.HomePageTest" name="InvalidChatRequestInvalidEmail" time="0.357"/>
  <system-out/>
  <testcase classname="agent.HomePageTest" name="ValidateChatButtonResponse" time="0.241"/>
  <system-out/>
  <testcase classname="agent.HomePageTest" name="ValidChatRequest" time="1.594"/>
  <system-out/>
</testsuite> <!-- agent.HomePageTest -->
