<?xml version="1.0" encoding="UTF-8"?>
<!-- Generated by org.testng.reporters.JUnitReportReporter -->
<testsuite hostname="YV-Jerry" failures="0" tests="10" name="agent.GuarantorInformationTest" time="19.608" errors="0" timestamp="2022-02-16T10:18:58 WAT" skipped="0">
  <testcase classname="agent.GuarantorInformationTest" name="ValidateGuarantorInformationPage" time="9.680"/>
  <system-out/>
  <testcase classname="agent.GuarantorInformationTest" name="EmptyFirstNameField" time="1.062"/>
  <system-out/>
  <testcase classname="agent.GuarantorInformationTest" name="EmptylastNameField" time="0.911"/>
  <system-out/>
  <testcase classname="agent.GuarantorInformationTest" name="EmptyEmailField" time="0.995"/>
  <system-out/>
  <testcase classname="agent.GuarantorInformationTest" name="EmptyPhoneNumberField" time="1.441"/>
  <system-out/>
  <testcase classname="agent.GuarantorInformationTest" name="InvalidEmailField" time="0.967"/>
  <system-out/>
  <testcase classname="agent.GuarantorInformationTest" name="InvalidPhoneNumberField" time="0.644"/>
  <system-out/>
  <testcase classname="agent.GuarantorInformationTest" name="ValidatePreviewButton" time="0.584"/>
  <system-out/>
  <testcase classname="agent.GuarantorInformationTest" name="ValidateBackButton" time="0.919"/>
  <system-out/>
  <testcase classname="agent.GuarantorInformationTest" name="SuccessfulGuarantorForm" time="2.405"/>
  <system-out/>
</testsuite> <!-- agent.GuarantorInformationTest -->
