<?xml version="1.0" encoding="UTF-8"?>
<!-- Generated by org.testng.reporters.JUnitReportReporter -->
<testsuite hostname="YV-Jerry" failures="0" tests="1" name="agent.Test1" time="0.011" errors="0" timestamp="2022-01-10T11:49:01 WAT" skipped="0">
  <testcase classname="agent.Test1" name="demo" time="0.011"/>
  <system-out/>
</testsuite> <!-- agent.Test1 -->
