<?xml version="1.0" encoding="UTF-8"?>
<!-- Generated by org.testng.reporters.JUnitReportReporter -->
<testsuite hostname="YV-Jerry" failures="1" tests="9" name="agent.RegisterAsAnAgentTest" time="21.429" errors="0" timestamp="2022-03-07T12:24:03 WAT" skipped="0">
  <testcase classname="agent.RegisterAsAnAgentTest" name="ValidateRegistrationForm" time="4.285"/>
  <system-out/>
  <testcase classname="agent.RegisterAsAnAgentTest" name="EmptyEmailField" time="2.801"/>
  <system-out/>
  <testcase classname="agent.RegisterAsAnAgentTest" name="InvalidEmailAddress" time="1.964"/>
  <system-out/>
  <testcase classname="agent.RegisterAsAnAgentTest" name="EmptyPhoneNumberField" time="1.403"/>
  <system-out/>
  <testcase classname="agent.RegisterAsAnAgentTest" name="InvalidPhoneNumber" time="1.604"/>
  <system-out/>
  <testcase classname="agent.RegisterAsAnAgentTest" name="EmptyPermitCategory" time="1.447"/>
  <system-out/>
  <testcase classname="agent.RegisterAsAnAgentTest" name="EmptyCompany" time="1.337"/>
  <system-out/>
  <testcase classname="agent.RegisterAsAnAgentTest" name="ValidateConsentForm" time="3.085">
    <failure message="The following asserts failed:
	expected [true] but found [false]" type="java.lang.AssertionError">
      <![CDATA[java.lang.AssertionError: The following asserts failed:
expected [true] but found [false]
at org.testng.asserts.SoftAssert.assertAll(SoftAssert.java:47)
at org.testng.asserts.SoftAssert.assertAll(SoftAssert.java:31)
at agent.RegisterAsAnAgentTest.ValidateConsentForm(RegisterAsAnAgentTest.java:158)
at java.base/jdk.internal.reflect.NativeMethodAccessorImpl.invoke0(Native Method)
at java.base/jdk.internal.reflect.NativeMethodAccessorImpl.invoke(NativeMethodAccessorImpl.java:78)
at java.base/jdk.internal.reflect.DelegatingMethodAccessorImpl.invoke(DelegatingMethodAccessorImpl.java:43)
at java.base/java.lang.reflect.Method.invoke(Method.java:567)
at org.testng.internal.MethodInvocationHelper.invokeMethod(MethodInvocationHelper.java:133)
at org.testng.internal.TestInvoker.invokeMethod(TestInvoker.java:598)
at org.testng.internal.TestInvoker.invokeTestMethod(TestInvoker.java:173)
at org.testng.internal.MethodRunner.runInSequence(MethodRunner.java:46)
at org.testng.internal.TestInvoker$MethodInvocationAgent.invoke(TestInvoker.java:824)
at org.testng.internal.TestInvoker.invokeTestMethods(TestInvoker.java:146)
at org.testng.internal.TestMethodWorker.invokeTestMethods(TestMethodWorker.java:146)
at org.testng.internal.TestMethodWorker.run(TestMethodWorker.java:128)
at java.base/java.util.ArrayList.forEach(ArrayList.java:1511)
at org.testng.TestRunner.privateRun(TestRunner.java:794)
at org.testng.TestRunner.run(TestRunner.java:596)
at org.testng.SuiteRunner.runTest(SuiteRunner.java:377)
at org.testng.SuiteRunner.runSequentially(SuiteRunner.java:371)
at org.testng.SuiteRunner.privateRun(SuiteRunner.java:332)
at org.testng.SuiteRunner.run(SuiteRunner.java:276)
at org.testng.SuiteRunnerWorker.runSuite(SuiteRunnerWorker.java:53)
at org.testng.SuiteRunnerWorker.run(SuiteRunnerWorker.java:96)
at org.testng.TestNG.runSuitesSequentially(TestNG.java:1212)
at org.testng.TestNG.runSuitesLocally(TestNG.java:1134)
at org.testng.TestNG.runSuites(TestNG.java:1063)
at org.testng.TestNG.run(TestNG.java:1031)
at org.testng.remote.AbstractRemoteTestNG.run(AbstractRemoteTestNG.java:115)
at org.testng.remote.RemoteTestNG.initAndRun(RemoteTestNG.java:251)
at org.testng.remote.RemoteTestNG.main(RemoteTestNG.java:77)
]]>
    </failure>
  </testcase> <!-- ValidateConsentForm -->
  <system-out/>
  <testcase classname="agent.RegisterAsAnAgentTest" name="ValidateAcceptConsentForm" time="3.503"/>
  <system-out/>
</testsuite> <!-- agent.RegisterAsAnAgentTest -->
