<?xml version="1.0" encoding="UTF-8"?>
<!-- Generated by org.testng.reporters.JUnitReportReporter -->
<testsuite hostname="YV-Jerry.local" failures="0" tests="18" name="admin.SettingsTest" time="56.451" errors="0" timestamp="2022-05-13T11:25:34 WAT" skipped="0">
  <testcase classname="admin.SettingsTest" name="ValidateReportPage" time="10.730"/>
  <system-out/>
  <testcase classname="admin.SettingsTest" name="ValidateField" time="0.105"/>
  <system-out/>
  <testcase classname="admin.SettingsTest" name="ValidateBusinessNameEdit" time="0.032"/>
  <system-out/>
  <testcase classname="admin.SettingsTest" name="ValidateBusinessAddressEdit" time="4.956"/>
  <system-out/>
  <testcase classname="admin.SettingsTest" name="InvalidSupportPhoneNumberFormat" time="0.937"/>
  <system-out/>
  <testcase classname="admin.SettingsTest" name="InvalidSupportPhoneNumberFormat" time="0.317"/>
  <system-out/>
  <testcase classname="admin.SettingsTest" name="ValidateSupportPhoneNumberEdit" time="6.431"/>
  <system-out/>
  <testcase classname="admin.SettingsTest" name="InvalidSupportEmailFormat" time="0.239"/>
  <system-out/>
  <testcase classname="admin.SettingsTest" name="InvalidSupportEmailFormat" time="0.310"/>
  <system-out/>
  <testcase classname="admin.SettingsTest" name="ValidateSupportEmailEdit" time="6.775"/>
  <system-out/>
  <testcase classname="admin.SettingsTest" name="ValidatePrimaryContactNameEdit" time="6.271"/>
  <system-out/>
  <testcase classname="admin.SettingsTest" name="InvalidPrimaryContactPhoneNumberFormat" time="0.072"/>
  <system-out/>
  <testcase classname="admin.SettingsTest" name="InvalidPrimaryContactPhoneNumberFormat" time="0.062"/>
  <system-out/>
  <testcase classname="admin.SettingsTest" name="ValidatePrimaryContactPhoneNumberEdit" time="6.254"/>
  <system-out/>
  <testcase classname="admin.SettingsTest" name="ValidateBusinessWebsiteEdit" time="6.454"/>
  <system-out/>
  <testcase classname="admin.SettingsTest" name="InvalidPrimaryContactEmailFormat" time="0.078"/>
  <system-out/>
  <testcase classname="admin.SettingsTest" name="InvalidPrimaryContactEmailFormat" time="0.057"/>
  <system-out/>
  <testcase classname="admin.SettingsTest" name="ValidatePrimaryContactEmailEdit" time="6.371"/>
  <system-out/>
</testsuite> <!-- admin.SettingsTest -->
