<?xml version="1.0" encoding="UTF-8"?>
<!-- Generated by org.testng.reporters.JUnitReportReporter -->
<testsuite hostname="YV-Jerry" failures="0" tests="1" name="admin.Test2" time="0.071" errors="0" timestamp="2022-02-01T09:36:21 WAT" skipped="0">
  <testcase classname="admin.Test2" name="odn" time="0.071"/>
  <system-out/>
</testsuite> <!-- admin.Test2 -->
