<?xml version="1.0" encoding="UTF-8"?>
<!-- Generated by org.testng.reporters.JUnitReportReporter -->
<testsuite hostname="YV-Jerry.local" failures="0" tests="26" name="admin.CouponTest" time="223.132" errors="0" timestamp="2022-06-02T14:21:04 WAT" skipped="0">
  <testcase classname="admin.CouponTest" name="ValidateClearMultipleList" time="39.057"/>
  <system-out/>
  <testcase classname="admin.CouponTest" name="ValidateClearSingleList" time="39.171"/>
  <system-out/>
  <testcase classname="admin.CouponTest" name="ValidateCouponPage" time="12.741"/>
  <system-out/>
  <testcase classname="admin.CouponTest" name="ValidateAutosuggestiveSearchBar" time="0.328"/>
  <system-out/>
  <testcase classname="admin.CouponTest" name="ValidateCategoryDropdownList" time="0.568"/>
  <system-out/>
  <testcase classname="admin.CouponTest" name="ValidateSingleCategoryQuantityField" time="0.881"/>
  <system-out/>
  <testcase classname="admin.CouponTest" name="ValidateSingleAgentField" time="0.116"/>
  <system-out/>
  <testcase classname="admin.CouponTest" name="ValidateMultipleCategoryQuanityField" time="0.169"/>
  <system-out/>
  <testcase classname="admin.CouponTest" name="EmptyDateField" time="0.813"/>
  <system-out/>
  <testcase classname="admin.CouponTest" name="ValidateEndDateCheck" time="1.326"/>
  <system-out/>
  <testcase classname="admin.CouponTest" name="ValidateMultipleCategoryQuanityFieldFormat" time="2.328"/>
  <system-out/>
  <testcase classname="admin.CouponTest" name="ValidateMultipleCategoryQuanityFieldFormat" time="2.578"/>
  <system-out/>
  <testcase classname="admin.CouponTest" name="ValidateDiscountTypeDropdownList" time="0.068"/>
  <system-out/>
  <testcase classname="admin.CouponTest" name="EmptyCouponCodeField" time="1.845"/>
  <system-out/>
  <testcase classname="admin.CouponTest" name="EmptyDiscountValueField" time="1.970"/>
  <system-out/>
  <testcase classname="admin.CouponTest" name="ValidateDiscountPercentageValueFormat" time="2.235"/>
  <system-out/>
  <testcase classname="admin.CouponTest" name="ValidateDiscountAmountValueFormat" time="1.878"/>
  <system-out/>
  <testcase classname="admin.CouponTest" name="SuccessfulSingleCouponRequestOnline" time="17.009"/>
  <system-out/>
  <testcase classname="admin.CouponTest" name="SuccessfulMultipleCouponRequestOnline" time="9.760"/>
  <system-out/>
  <testcase classname="admin.CouponTest" name="ValidateGeneratedCouponList" time="38.428"/>
  <system-out/>
  <testcase classname="admin.CouponTest" name="ValidateGenerateCouponCategoryDropdownList" time="0.082"/>
  <system-out/>
  <testcase classname="admin.CouponTest" name="ValidateSingleCouponFilter" time="17.653"/>
  <system-out/>
  <testcase classname="admin.CouponTest" name="ValidateMultipleCouponFilter" time="21.076"/>
  <system-out/>
  <testcase classname="admin.CouponTest" name="ValidateGeneratedListHeader" time="0.073"/>
  <system-out/>
  <testcase classname="admin.CouponTest" name="ValidateGeneratedCouponCardResponse" time="4.651"/>
  <system-out/>
  <testcase classname="admin.CouponTest" name="ValidateDownloadCSVButton" time="6.328"/>
  <system-out/>
</testsuite> <!-- admin.CouponTest -->
