<?xml version="1.0" encoding="UTF-8"?>
<!-- Generated by org.testng.reporters.JUnitReportReporter -->
<testsuite hostname="YV-Jerry.local" failures="0" tests="14" name="admin.PermitTest" time="185.851" errors="0" timestamp="2022-09-10T23:24:25 WAT" skipped="0">
  <testcase classname="admin.PermitTest" name="ValidatePermitPage" time="13.358"/>
  <system-out/>
  <testcase classname="admin.PermitTest" name="ValidatePermitListHeader" time="0.169"/>
  <system-out/>
  <testcase classname="admin.PermitTest" name="ValidatePermitArrangement" time="0.406"/>
  <system-out/>
  <testcase classname="admin.PermitTest" name="ValidateStatusDropodownList" time="0.082"/>
  <system-out/>
  <testcase classname="admin.PermitTest" name="ValidateAllStatusFilter" time="10.861"/>
  <system-out/>
  <testcase classname="admin.PermitTest" name="ValidateActiveStatusFilter" time="16.828"/>
  <system-out/>
  <testcase classname="admin.PermitTest" name="ValidateDisabledStatusFilter" time="28.087"/>
  <system-out/>
  <testcase classname="admin.PermitTest" name="ValidateSearchBar" time="35.141"/>
  <system-out/>
  <testcase classname="admin.PermitTest" name="ValidateSearchBar" time="35.240"/>
  <system-out/>
  <testcase classname="admin.PermitTest" name="ValidateSetPermitButton" time="10.308"/>
  <system-out/>
  <testcase classname="admin.PermitTest" name="ValidateActiveStatusButton" time="7.361"/>
  <system-out/>
  <testcase classname="admin.PermitTest" name="ValidateDisabledStatusButton" time="6.786"/>
  <system-out/>
  <testcase classname="admin.PermitTest" name="ValidateStatusButtonResponse" time="19.992"/>
  <system-out/>
  <testcase classname="admin.PermitTest" name="ValidateDuplicatePermitResponse" time="1.232"/>
  <system-out/>
</testsuite> <!-- admin.PermitTest -->
