<?xml version="1.0" encoding="UTF-8"?>
<!-- Generated by org.testng.reporters.JUnitReportReporter -->
<testsuite hostname="YV-Jerry" failures="0" tests="14" name="admin.PermitTest" time="173.444" errors="0" timestamp="2022-03-07T12:24:03 WAT" skipped="0">
  <testcase classname="admin.PermitTest" name="ValidatePermitPage" time="5.293"/>
  <system-out/>
  <testcase classname="admin.PermitTest" name="ValidatePermitListHeader" time="0.089"/>
  <system-out/>
  <testcase classname="admin.PermitTest" name="ValidatePermitArrangement" time="0.320"/>
  <system-out/>
  <testcase classname="admin.PermitTest" name="ValidateStatusDropodownList" time="0.066"/>
  <system-out/>
  <testcase classname="admin.PermitTest" name="ValidateAllStatusFilter" time="9.825"/>
  <system-out/>
  <testcase classname="admin.PermitTest" name="ValidateActiveStatusFilter" time="16.343"/>
  <system-out/>
  <testcase classname="admin.PermitTest" name="ValidateDisabledStatusFilter" time="27.775"/>
  <system-out/>
  <testcase classname="admin.PermitTest" name="ValidateSearchBar" time="34.722"/>
  <system-out/>
  <testcase classname="admin.PermitTest" name="ValidateSearchBar" time="34.720"/>
  <system-out/>
  <testcase classname="admin.PermitTest" name="ValidateSetPermitButton" time="10.107"/>
  <system-out/>
  <testcase classname="admin.PermitTest" name="ValidateActiveStatusButton" time="6.813"/>
  <system-out/>
  <testcase classname="admin.PermitTest" name="ValidateDisabledStatusButton" time="6.441"/>
  <system-out/>
  <testcase classname="admin.PermitTest" name="ValidateStatusButtonResponse" time="19.755"/>
  <system-out/>
  <testcase classname="admin.PermitTest" name="ValidateDuplicatePermitResponse" time="1.175"/>
  <system-out/>
</testsuite> <!-- admin.PermitTest -->
