<?xml version="1.0" encoding="UTF-8"?>
<!-- Generated by org.testng.reporters.JUnitReportReporter -->
<testsuite hostname="YV-Jerry" failures="0" tests="1" name="agent.Test2" time="0.006" errors="0" timestamp="2022-01-10T11:49:23 WAT" skipped="0">
  <testcase classname="agent.Test2" name="demo2" time="0.006"/>
  <system-out/>
</testsuite> <!-- agent.Test2 -->
