<?xml version="1.0" encoding="UTF-8"?>
<!-- Generated by org.testng.reporters.JUnitReportReporter -->
<testsuite hostname="YV-Jerry" failures="0" tests="1" name="agent.test" time="31.231" errors="0" timestamp="2021-12-03T10:12:55 WAT" skipped="0">
  <testcase classname="agent.test" name="testw" time="31.231"/>
  <system-out/>
</testsuite> <!-- agent.test -->
