<?xml version="1.0" encoding="UTF-8"?>
<!-- Generated by org.testng.reporters.JUnitReportReporter -->
<testsuite hostname="YV-Jerry" failures="0" tests="1" name="Group.LslbProject.homepage" time="12.358" errors="0" timestamp="2021-11-22T14:46:17 WAT" skipped="0">
  <testcase classname="Group.LslbProject.homepage" name="navigate" time="12.358"/>
  <system-out/>
</testsuite> <!-- Group.LslbProject.homepage -->
