<?xml version="1.0" encoding="UTF-8"?>
<!-- Generated by org.testng.reporters.JUnitReportReporter -->
<testsuite hostname="YV-Jerry.local" failures="0" tests="1" name="admin.AdminLoginTest" time="0.009" errors="0" timestamp="2022-10-17T11:07:26 WAT" skipped="0">
  <testcase classname="admin.AdminLoginTest" name="login" time="0.009"/>
  <system-out/>
</testsuite> <!-- admin.AdminLoginTest -->
