<?xml version="1.0" encoding="UTF-8"?>
<!-- Generated by org.testng.reporters.JUnitReportReporter -->
<testsuite hostname="YV-Jerry.local" failures="0" tests="7" name="agent.PersonalInformationTest" time="34.150" errors="0" timestamp="2022-05-13T11:25:34 WAT" skipped="0">
  <testcase classname="agent.PersonalInformationTest" name="EmptyCameraUpload" time="14.284"/>
  <system-out/>
  <testcase classname="agent.PersonalInformationTest" name="EmptyFirstNameField" time="11.445"/>
  <system-out/>
  <testcase classname="agent.PersonalInformationTest" name="EmptyLastNameField" time="1.112"/>
  <system-out/>
  <testcase classname="agent.PersonalInformationTest" name="InvalidEmailField" time="1.542"/>
  <system-out/>
  <testcase classname="agent.PersonalInformationTest" name="InvalidPhoneNumberField" time="1.074"/>
  <system-out/>
  <testcase classname="agent.PersonalInformationTest" name="ValidatePreviewButton" time="0.048"/>
  <system-out/>
  <testcase classname="agent.PersonalInformationTest" name="ValidateSuccessfulPersonalInformationForm" time="4.645"/>
  <system-out/>
</testsuite> <!-- agent.PersonalInformationTest -->
