<?xml version="1.0" encoding="UTF-8"?>
<!-- Generated by org.testng.reporters.JUnitReportReporter -->
<testsuite hostname="YV-Jerry" failures="0" tests="7" name="agent.PersonalInformationTest" time="27.149" errors="0" timestamp="2022-03-07T12:24:03 WAT" skipped="0">
  <testcase classname="agent.PersonalInformationTest" name="EmptyCameraUpload" time="9.029"/>
  <system-out/>
  <testcase classname="agent.PersonalInformationTest" name="EmptyFirstNameField" time="10.874"/>
  <system-out/>
  <testcase classname="agent.PersonalInformationTest" name="EmptyLastNameField" time="0.889"/>
  <system-out/>
  <testcase classname="agent.PersonalInformationTest" name="InvalidEmailField" time="1.096"/>
  <system-out/>
  <testcase classname="agent.PersonalInformationTest" name="InvalidPhoneNumberField" time="0.810"/>
  <system-out/>
  <testcase classname="agent.PersonalInformationTest" name="ValidatePreviewButton" time="0.037"/>
  <system-out/>
  <testcase classname="agent.PersonalInformationTest" name="ValidateSuccessfulPersonalInformationForm" time="4.414"/>
  <system-out/>
</testsuite> <!-- agent.PersonalInformationTest -->
