<?xml version="1.0" encoding="UTF-8"?>
<!-- Generated by org.testng.reporters.JUnitReportReporter -->
<testsuite hostname="YV-Jerry.local" failures="0" tests="3" name="admin.AdminLoginTest" time="13.518" errors="0" timestamp="2022-06-13T19:26:34 WAT" skipped="0">
  <testcase classname="admin.AdminLoginTest" name="EmptyEmailAddressField" time="0.102"/>
  <system-out/>
  <testcase classname="admin.AdminLoginTest" name="ValidateSuccessfulAdminLogin" time="12.158"/>
  <system-out/>
  <testcase classname="admin.AdminLoginTest" name="ValidateLogout" time="1.258"/>
  <system-out/>
</testsuite> <!-- admin.AdminLoginTest -->
