<?xml version="1.0" encoding="UTF-8"?>
<!-- Generated by org.testng.reporters.JUnitReportReporter -->
<testsuite hostname="YV-Jerry.local" failures="0" tests="6" name="agent.PaymentTest" time="39.827" errors="0" timestamp="2022-09-10T23:24:25 WAT" skipped="0">
  <testcase classname="agent.PaymentTest" name="ValidatePaymentPage" time="18.088"/>
  <system-out/>
  <testcase classname="agent.PaymentTest" name="InvalidCouponCode" time="1.050"/>
  <system-out/>
  <testcase classname="agent.PaymentTest" name="validCouponCode" time="3.769"/>
  <system-out/>
  <testcase classname="agent.PaymentTest" name="ValidateCouponCodeRemoval" time="1.343"/>
  <system-out/>
  <testcase classname="agent.PaymentTest" name="ValidateBackButton" time="0.840"/>
  <system-out/>
  <testcase classname="agent.PaymentTest" name="SuccessfulPayment" time="14.737"/>
  <system-out/>
</testsuite> <!-- agent.PaymentTest -->
