<?xml version="1.0" encoding="UTF-8"?>
<!-- Generated by org.testng.reporters.JUnitReportReporter -->
<testsuite hostname="YV-Jerry.local" failures="0" tests="14" name="agent.IdentityInformationTest" time="29.315" errors="0" timestamp="2022-05-13T11:25:34 WAT" skipped="0">
  <testcase classname="agent.IdentityInformationTest" name="ValidateIdentityInformationPage" time="13.293"/>
  <system-out/>
  <testcase classname="agent.IdentityInformationTest" name="ValidateBvnMessage" time="0.954"/>
  <system-out/>
  <testcase classname="agent.IdentityInformationTest" name="ValidateNinSample" time="0.804"/>
  <system-out/>
  <testcase classname="agent.IdentityInformationTest" name="ValidateDriverLicenseSample" time="2.021"/>
  <system-out/>
  <testcase classname="agent.IdentityInformationTest" name="ValidateBackButton" time="0.979"/>
  <system-out/>
  <testcase classname="agent.IdentityInformationTest" name="ValidateNinFormat" time="1.284"/>
  <system-out/>
  <testcase classname="agent.IdentityInformationTest" name="ValidateNinFormat" time="0.786"/>
  <system-out/>
  <testcase classname="agent.IdentityInformationTest" name="ValidateBvnFormat" time="0.702"/>
  <system-out/>
  <testcase classname="agent.IdentityInformationTest" name="ValidateBvnFormat" time="1.391"/>
  <system-out/>
  <testcase classname="agent.IdentityInformationTest" name="ValidateDriverLicenseFormat" time="0.910"/>
  <system-out/>
  <testcase classname="agent.IdentityInformationTest" name="ValidateDriverLicenseFormat" time="0.742"/>
  <system-out/>
  <testcase classname="agent.IdentityInformationTest" name="ValidatePreviewButton" time="0.320"/>
  <system-out/>
  <testcase classname="agent.IdentityInformationTest" name="ValidateSuccessfulIdentityInformationForm" time="2.720"/>
  <system-out/>
  <testcase classname="agent.IdentityInformationTest" name="ValidateSuccessfulIdentityInformationForm" time="2.409"/>
  <system-out/>
</testsuite> <!-- agent.IdentityInformationTest -->
