<?xml version="1.0" encoding="UTF-8"?>
<!-- Generated by org.testng.reporters.JUnitReportReporter -->
<testsuite hostname="YV-Jerry" failures="0" tests="18" name="admin.CompaniesTest" time="98.946" errors="0" timestamp="2022-02-25T10:59:38 WAT" skipped="0">
  <testcase classname="admin.CompaniesTest" name="ValidateExistingEmailInvite" time="3.741"/>
  <system-out/>
  <testcase classname="admin.CompaniesTest" name="ValidateCompaniesPage" time="8.248"/>
  <system-out/>
  <testcase classname="admin.CompaniesTest" name="ValidateCompaniesListHeader" time="0.444"/>
  <system-out/>
  <testcase classname="admin.CompaniesTest" name="ValidateInviteCompanyButton" time="3.532"/>
  <system-out/>
  <testcase classname="admin.CompaniesTest" name="EmptyBusinessCategoryField" time="2.331"/>
  <system-out/>
  <testcase classname="admin.CompaniesTest" name="EmptyEmailField" time="1.166"/>
  <system-out/>
  <testcase classname="admin.CompaniesTest" name="InvalidEmailFormat" time="1.028"/>
  <system-out/>
  <testcase classname="admin.CompaniesTest" name="InvalidEmailFormat" time="1.113"/>
  <system-out/>
  <testcase classname="admin.CompaniesTest" name="EmptyBusinessNameField" time="1.012"/>
  <system-out/>
  <testcase classname="admin.CompaniesTest" name="EmptyTradeNameField" time="1.124"/>
  <system-out/>
  <testcase classname="admin.CompaniesTest" name="EmptyAdminFirstNameField" time="1.200"/>
  <system-out/>
  <testcase classname="admin.CompaniesTest" name="EmptyAdminLastNameField" time="0.983"/>
  <system-out/>
  <testcase classname="admin.CompaniesTest" name="EmptyPhoneNumberField" time="1.024"/>
  <system-out/>
  <testcase classname="admin.CompaniesTest" name="InvalidPhoneNumberFormat" time="0.962"/>
  <system-out/>
  <testcase classname="admin.CompaniesTest" name="InvalidPhoneNumberFormat" time="0.993"/>
  <system-out/>
  <testcase classname="admin.CompaniesTest" name="SuccessfulCompanyInvite" time="34.356"/>
  <system-out/>
  <testcase classname="admin.CompaniesTest" name="ValidateInvitedCompanyStatus" time="35.406"/>
  <system-out/>
  <testcase classname="admin.CompaniesTest" name="ValidateActiveCompanyStatus" time="0.283"/>
  <system-out/>
</testsuite> <!-- admin.CompaniesTest -->
