<?xml version="1.0" encoding="UTF-8"?>
<!-- Generated by org.testng.reporters.JUnitReportReporter -->
<testsuite hostname="YV-Jerry.local" failures="0" tests="11" name="agent.HomePageTest" time="21.159" errors="0" timestamp="2022-05-13T11:25:34 WAT" skipped="0">
  <testcase classname="agent.HomePageTest" name="ValidateAgentLoginLink" time="1.221"/>
  <system-out/>
  <testcase classname="agent.HomePageTest" name="ValidateRegistrationButton" time="9.012"/>
  <system-out/>
  <testcase classname="agent.HomePageTest" name="ValidateChatBot" time="2.860"/>
  <system-out/>
  <testcase classname="agent.HomePageTest" name="InvalidChatRequestNoName" time="2.211"/>
  <system-out/>
  <testcase classname="agent.HomePageTest" name="InvalidChatRequestNoEmail" time="1.353"/>
  <system-out/>
  <testcase classname="agent.HomePageTest" name="InvalidChatRequestNoMessage" time="0.529"/>
  <system-out/>
  <testcase classname="agent.HomePageTest" name="InvalidChatRequestInvalidEmail" time="0.546"/>
  <system-out/>
  <testcase classname="agent.HomePageTest" name="InvalidChatRequestInvalidEmail" time="0.413"/>
  <system-out/>
  <testcase classname="agent.HomePageTest" name="InvalidChatRequestInvalidEmail" time="0.672"/>
  <system-out/>
  <testcase classname="agent.HomePageTest" name="ValidateChatButtonResponse" time="0.361"/>
  <system-out/>
  <testcase classname="agent.HomePageTest" name="ValidChatRequest" time="1.981"/>
  <system-out/>
</testsuite> <!-- agent.HomePageTest -->
