<?xml version="1.0" encoding="UTF-8"?>
<!-- Generated by org.testng.reporters.JUnitReportReporter -->
<testsuite hostname="YV-Jerry.local" failures="0" tests="8" name="agent.FormPreviewTest" time="40.306" errors="0" timestamp="2022-05-30T14:18:45 WAT" skipped="0">
  <testcase classname="agent.FormPreviewTest" name="ValidateFormPreviewPage" time="13.739"/>
  <system-out/>
  <testcase classname="agent.FormPreviewTest" name="ValidatePersonalInformationEditButton" time="1.562"/>
  <system-out/>
  <testcase classname="agent.FormPreviewTest" name="ValidateIdentityInformationEditButton" time="2.186"/>
  <system-out/>
  <testcase classname="agent.FormPreviewTest" name="ValidateBusinessAddressEditButton" time="16.658"/>
  <system-out/>
  <testcase classname="agent.FormPreviewTest" name="ValidateResidentialAddressEditButton" time="1.633"/>
  <system-out/>
  <testcase classname="agent.FormPreviewTest" name="ValidateGuarantorInformationEditButton" time="1.388"/>
  <system-out/>
  <testcase classname="agent.FormPreviewTest" name="ValidateBackButton" time="0.364"/>
  <system-out/>
  <testcase classname="agent.FormPreviewTest" name="ValidateProceedButton" time="2.776"/>
  <system-out/>
</testsuite> <!-- agent.FormPreviewTest -->
